This is LuaTeX, Version 0.95.0 (TeX Live 2016)  (format=lualatex 2017.4.10)  25 SEP 2017 16:10
 restricted system commands enabled.
**FACT.tex
(./FACT.tex
LaTeX2e <2017/01/01> patch level 3
Lua module: luaotfload-main 2017/01/29 2.80001 OpenType layout system.
Lua module: lualibs 2017-02-01 2.5 ConTeXt Lua standard libraries.
Lua module: lualibs-extended 2017-02-01 2.5 ConTeXt Lua libraries -- extended co
llection.(using write cache: /home/maximilian/.local/texlive/2016/texmf-var/luat
ex-cache/generic)(using read cache: /home/maximilian/.local/texlive/2016/texmf-v
ar/luatex-cache/generic /home/maximilian/.texlive2016/texmf-var/luatex-cache/gen
eric)
luaotfload | conf : Root cache directory is /home/maximilian/.local/texlive/2016
/texmf-var/luatex-cache/generic/names.
luaotfload | init : Loading fontloader “fontloader-2017-02-11.lua” from kpse
-resolved path “/home/maximilian/.local/texlive/2016/texmf-dist/tex/luatex/lua
otfload/fontloader-2017-02-11.lua”.
Lua-only attribute luaotfload@state = 1
Lua-only attribute luaotfload@noligature = 2
Lua-only attribute luaotfload@syllabe = 3
luaotfload | init : Context OpenType loader version “3.027”
Inserting `luaotfload.node_processor' at position 1 in `pre_linebreak_filter'.
Inserting `luaotfload.node_processor' at position 1 in `hpack_filter'.
Inserting `luaotfload.define_font' at position 1 in `define_font'.
Lua-only attribute luaotfload_color_attribute = 4
luaotfload | conf : Root cache directory is /home/maximilian/.local/texlive/2016
/texmf-var/luatex-cache/generic/names.
Inserting `luaotfload.aux.set_sscale_dimens' at position 1 in `luaotfload.patch_
font'.
Inserting `luaotfload.aux.patch_cambria_domh' at position 2 in `luaotfload.patch
_font'.
Inserting `luaotfload.aux.fixup_fontdata' at position 1 in `luaotfload.patch_fon
t_unsafe'.
Inserting `luaotfload.aux.set_capheight' at position 3 in `luaotfload.patch_font
'.
Inserting `luaotfload.rewrite_fontname' at position 4 in `luaotfload.patch_font'
.
luaotfload | main : initialization completed in 0.111 seconds
Babel <3.9r> and hyphenation patterns for 1 language(s) loaded.

(/home/maximilian/.local/texlive/2016/texmf-dist/tex/generic/luatex85/luatex85.
sty
Package: luatex85 2016/06/15 v1.4 pdftex aliases for luatex
)
(/home/maximilian/.local/texlive/2016/texmf-dist/tex/latex/standalone/standalon
e.cls
Document Class: standalone 2015/07/15 v1.2 Class to compile TeX sub-files standa
lone

(/home/maximilian/.local/texlive/2016/texmf-dist/tex/generic/oberdiek/ifluatex.
sty
Package: ifluatex 2016/05/16 v1.4 Provides the ifluatex switch (HO)
Package ifluatex Info: LuaTeX detected.
)
(/home/maximilian/.local/texlive/2016/texmf-dist/tex/generic/oberdiek/ifpdf.sty
Package: ifpdf 2017/03/15 v3.2 Provides the ifpdf switch
)
(/home/maximilian/.local/texlive/2016/texmf-dist/tex/generic/ifxetex/ifxetex.st
y
Package: ifxetex 2010/09/12 v0.6 Provides ifxetex conditional
)
(/home/maximilian/.local/texlive/2016/texmf-dist/tex/latex/xkeyval/xkeyval.sty
Package: xkeyval 2014/12/03 v2.7a package option processing (HA)

(/home/maximilian/.local/texlive/2016/texmf-dist/tex/generic/xkeyval/xkeyval.te
x
(/home/maximilian/.local/texlive/2016/texmf-dist/tex/generic/xkeyval/xkvutils.t
ex
\XKV@toks=\toks14
\XKV@tempa@toks=\toks15

(/home/maximilian/.local/texlive/2016/texmf-dist/tex/generic/xkeyval/keyval.tex
))
\XKV@depth=\count79
File: xkeyval.tex 2014/12/03 v2.7a key=value parser (HA)
))
\sa@internal=\count80
\c@sapage=\count81

(/home/maximilian/.local/texlive/2016/texmf-dist/tex/latex/standalone/standalon
e.cfg
File: standalone.cfg 2015/07/15 v1.2 Default configuration file for 'standalone'
 class
)
(/home/maximilian/.local/texlive/2016/texmf-dist/tex/latex/base/article.cls
Document Class: article 2014/09/29 v1.4h Standard LaTeX document class
(/home/maximilian/.local/texlive/2016/texmf-dist/tex/latex/base/size10.clo
File: size10.clo 2014/09/29 v1.4h Standard LaTeX file (size option)
luaotfload | db : Font names database loaded from /home/maximilian/.local/texliv
e/2016/texmf-var/luatex-cache/generic/names/luaotfload-names.luc(load luc: /home
/maximilian/.local/texlive/2016/texmf-var/luatex-cache/generic/fonts/otl/lmroman
10-regular.luc))
\c@part=\count82
\c@section=\count83
\c@subsection=\count84
\c@subsubsection=\count85
\c@paragraph=\count86
\c@subparagraph=\count87
\c@figure=\count88
\c@table=\count89
\abovecaptionskip=\skip41
\belowcaptionskip=\skip42
\bibindent=\dimen102
)
\sa@box=\box26
)
(/home/maximilian/.local/texlive/2016/texmf-dist/tex/latex/pgf/frontendlayer/ti
kz.sty
(/home/maximilian/.local/texlive/2016/texmf-dist/tex/latex/pgf/basiclayer/pgf.s
ty
(/home/maximilian/.local/texlive/2016/texmf-dist/tex/latex/pgf/utilities/pgfrcs
.sty
(/home/maximilian/.local/texlive/2016/texmf-dist/tex/generic/pgf/utilities/pgfu
til-common.tex
\pgfutil@everybye=\toks16
\pgfutil@tempdima=\dimen103
\pgfutil@tempdimb=\dimen104

(/home/maximilian/.local/texlive/2016/texmf-dist/tex/generic/pgf/utilities/pgfu
til-common-lists.tex))
(/home/maximilian/.local/texlive/2016/texmf-dist/tex/generic/pgf/utilities/pgfu
til-latex.def
\pgfutil@abb=\box27

(/home/maximilian/.local/texlive/2016/texmf-dist/tex/latex/ms/everyshi.sty
Package: everyshi 2001/05/15 v3.00 EveryShipout Package (MS)
))
(/home/maximilian/.local/texlive/2016/texmf-dist/tex/generic/pgf/utilities/pgfr
cs.code.tex
Package: pgfrcs 2015/08/07 v3.0.1a (rcs-revision 1.31)
))
Package: pgf 2015/08/07 v3.0.1a (rcs-revision 1.15)

(/home/maximilian/.local/texlive/2016/texmf-dist/tex/latex/pgf/basiclayer/pgfco
re.sty
(/home/maximilian/.local/texlive/2016/texmf-dist/tex/latex/graphics/graphicx.st
y
Package: graphicx 2014/10/28 v1.0g Enhanced LaTeX Graphics (DPC,SPQR)

(/home/maximilian/.local/texlive/2016/texmf-dist/tex/latex/graphics/graphics.st
y
Package: graphics 2016/10/09 v1.0u Standard LaTeX Graphics (DPC,SPQR)
 (/home/maximilian/.local/texlive/2016/texmf-dist/tex/latex/graphics/trig.sty
Package: trig 2016/01/03 v1.10 sin cos tan (DPC)
)
(/home/maximilian/.local/texlive/2016/texmf-dist/tex/latex/graphics-cfg/graphic
s.cfg
File: graphics.cfg 2016/06/04 v1.11 sample graphics configuration
)
Package graphics Info: Driver file: luatex.def on input line 99.

(/home/maximilian/.local/texlive/2016/texmf-dist/tex/latex/graphics-def/luatex.
def
File: luatex.def 2017/01/12 v0.01h Graphics/Color for luaTeX

(/home/maximilian/.local/texlive/2016/texmf-dist/tex/generic/oberdiek/infwarerr
.sty
Package: infwarerr 2016/05/16 v1.4 Providing info/warning/error messages (HO)
)
(/home/maximilian/.local/texlive/2016/texmf-dist/tex/generic/oberdiek/ltxcmds.s
ty
Package: ltxcmds 2016/05/16 v1.23 LaTeX kernel commands for general use (HO)
)
\Gread@gobject=\count90
))
\Gin@req@height=\dimen105
\Gin@req@width=\dimen106
)
(/home/maximilian/.local/texlive/2016/texmf-dist/tex/latex/pgf/systemlayer/pgfs
ys.sty
(/home/maximilian/.local/texlive/2016/texmf-dist/tex/generic/pgf/systemlayer/pg
fsys.code.tex
Package: pgfsys 2014/07/09 v3.0.1a (rcs-revision 1.48)

(/home/maximilian/.local/texlive/2016/texmf-dist/tex/generic/pgf/utilities/pgfk
eys.code.tex
\pgfkeys@pathtoks=\toks17
\pgfkeys@temptoks=\toks18

(/home/maximilian/.local/texlive/2016/texmf-dist/tex/generic/pgf/utilities/pgfk
eysfiltered.code.tex
\pgfkeys@tmptoks=\toks19
))
\pgf@x=\dimen107
\pgf@y=\dimen108
\pgf@xa=\dimen109
\pgf@ya=\dimen110
\pgf@xb=\dimen111
\pgf@yb=\dimen112
\pgf@xc=\dimen113
\pgf@yc=\dimen114
\w@pgf@writea=\write3
\r@pgf@reada=\read1
\c@pgf@counta=\count91
\c@pgf@countb=\count92
\c@pgf@countc=\count93
\c@pgf@countd=\count94
\t@pgf@toka=\toks20
\t@pgf@tokb=\toks21
\t@pgf@tokc=\toks22

(/home/maximilian/.local/texlive/2016/texmf-dist/tex/generic/pgf/systemlayer/pg
f.cfg
File: pgf.cfg 2008/05/14  (rcs-revision 1.7)
)
Driver file for pgf: pgfsys-luatex.def

(/home/maximilian/.local/texlive/2016/texmf-dist/tex/generic/pgf/systemlayer/pg
fsys-luatex.def
File: pgfsys-luatex.def 2014/10/11  (rcs-revision 1.35)

(/home/maximilian/.local/texlive/2016/texmf-dist/tex/generic/pgf/systemlayer/pg
fsys-common-pdf.def
File: pgfsys-common-pdf.def 2013/10/10  (rcs-revision 1.13)
)))
(/home/maximilian/.local/texlive/2016/texmf-dist/tex/generic/pgf/systemlayer/pg
fsyssoftpath.code.tex
File: pgfsyssoftpath.code.tex 2013/09/09  (rcs-revision 1.9)
\pgfsyssoftpath@smallbuffer@items=\count95
\pgfsyssoftpath@bigbuffer@items=\count96
)
(/home/maximilian/.local/texlive/2016/texmf-dist/tex/generic/pgf/systemlayer/pg
fsysprotocol.code.tex
File: pgfsysprotocol.code.tex 2006/10/16  (rcs-revision 1.4)
))
(/home/maximilian/.local/texlive/2016/texmf-dist/tex/latex/xcolor/xcolor.sty
Package: xcolor 2016/05/11 v2.12 LaTeX color extensions (UK)

(/home/maximilian/.local/texlive/2016/texmf-dist/tex/latex/graphics-cfg/color.c
fg
File: color.cfg 2016/01/02 v1.6 sample color configuration
)
Package xcolor Info: Driver file: luatex.def on input line 225.
Package xcolor Info: Model `cmy' substituted by `cmy0' on input line 1348.
Package xcolor Info: Model `hsb' substituted by `rgb' on input line 1352.
Package xcolor Info: Model `RGB' extended on input line 1364.
Package xcolor Info: Model `HTML' substituted by `rgb' on input line 1366.
Package xcolor Info: Model `Hsb' substituted by `hsb' on input line 1367.
Package xcolor Info: Model `tHsb' substituted by `hsb' on input line 1368.
Package xcolor Info: Model `HSB' substituted by `hsb' on input line 1369.
Package xcolor Info: Model `Gray' substituted by `gray' on input line 1370.
Package xcolor Info: Model `wave' substituted by `hsb' on input line 1371.
)
(/home/maximilian/.local/texlive/2016/texmf-dist/tex/generic/pgf/basiclayer/pgf
core.code.tex
Package: pgfcore 2010/04/11 v3.0.1a (rcs-revision 1.7)

(/home/maximilian/.local/texlive/2016/texmf-dist/tex/generic/pgf/math/pgfmath.c
ode.tex
(/home/maximilian/.local/texlive/2016/texmf-dist/tex/generic/pgf/math/pgfmathca
lc.code.tex
(/home/maximilian/.local/texlive/2016/texmf-dist/tex/generic/pgf/math/pgfmathut
il.code.tex)
(/home/maximilian/.local/texlive/2016/texmf-dist/tex/generic/pgf/math/pgfmathpa
rser.code.tex
\pgfmath@dimen=\dimen115
\pgfmath@count=\count97
\pgfmath@box=\box28
\pgfmath@toks=\toks23
\pgfmath@stack@operand=\toks24
\pgfmath@stack@operation=\toks25
)
(/home/maximilian/.local/texlive/2016/texmf-dist/tex/generic/pgf/math/pgfmathfu
nctions.code.tex
(/home/maximilian/.local/texlive/2016/texmf-dist/tex/generic/pgf/math/pgfmathfu
nctions.basic.code.tex)
(/home/maximilian/.local/texlive/2016/texmf-dist/tex/generic/pgf/math/pgfmathfu
nctions.trigonometric.code.tex)
(/home/maximilian/.local/texlive/2016/texmf-dist/tex/generic/pgf/math/pgfmathfu
nctions.random.code.tex)
(/home/maximilian/.local/texlive/2016/texmf-dist/tex/generic/pgf/math/pgfmathfu
nctions.comparison.code.tex)
(/home/maximilian/.local/texlive/2016/texmf-dist/tex/generic/pgf/math/pgfmathfu
nctions.base.code.tex)
(/home/maximilian/.local/texlive/2016/texmf-dist/tex/generic/pgf/math/pgfmathfu
nctions.round.code.tex)
(/home/maximilian/.local/texlive/2016/texmf-dist/tex/generic/pgf/math/pgfmathfu
nctions.misc.code.tex)
(/home/maximilian/.local/texlive/2016/texmf-dist/tex/generic/pgf/math/pgfmathfu
nctions.integerarithmetics.code.tex)))
(/home/maximilian/.local/texlive/2016/texmf-dist/tex/generic/pgf/math/pgfmathfl
oat.code.tex
\c@pgfmathroundto@lastzeros=\count98
))
(/home/maximilian/.local/texlive/2016/texmf-dist/tex/generic/pgf/basiclayer/pgf
corepoints.code.tex
File: pgfcorepoints.code.tex 2013/10/07  (rcs-revision 1.27)
\pgf@picminx=\dimen116
\pgf@picmaxx=\dimen117
\pgf@picminy=\dimen118
\pgf@picmaxy=\dimen119
\pgf@pathminx=\dimen120
\pgf@pathmaxx=\dimen121
\pgf@pathminy=\dimen122
\pgf@pathmaxy=\dimen123
\pgf@xx=\dimen124
\pgf@xy=\dimen125
\pgf@yx=\dimen126
\pgf@yy=\dimen127
\pgf@zx=\dimen128
\pgf@zy=\dimen129
)
(/home/maximilian/.local/texlive/2016/texmf-dist/tex/generic/pgf/basiclayer/pgf
corepathconstruct.code.tex
File: pgfcorepathconstruct.code.tex 2013/10/07  (rcs-revision 1.29)
\pgf@path@lastx=\dimen130
\pgf@path@lasty=\dimen131
)
(/home/maximilian/.local/texlive/2016/texmf-dist/tex/generic/pgf/basiclayer/pgf
corepathusage.code.tex
File: pgfcorepathusage.code.tex 2014/11/02  (rcs-revision 1.24)
\pgf@shorten@end@additional=\dimen132
\pgf@shorten@start@additional=\dimen133
)
(/home/maximilian/.local/texlive/2016/texmf-dist/tex/generic/pgf/basiclayer/pgf
corescopes.code.tex
File: pgfcorescopes.code.tex 2015/05/08  (rcs-revision 1.46)
\pgfpic=\box29
\pgf@hbox=\box30
\pgf@layerbox@main=\box31
\pgf@picture@serial@count=\count99
)
(/home/maximilian/.local/texlive/2016/texmf-dist/tex/generic/pgf/basiclayer/pgf
coregraphicstate.code.tex
File: pgfcoregraphicstate.code.tex 2014/11/02  (rcs-revision 1.12)
\pgflinewidth=\dimen134
)
(/home/maximilian/.local/texlive/2016/texmf-dist/tex/generic/pgf/basiclayer/pgf
coretransformations.code.tex
File: pgfcoretransformations.code.tex 2015/08/07  (rcs-revision 1.20)
\pgf@pt@x=\dimen135
\pgf@pt@y=\dimen136
\pgf@pt@temp=\dimen137
)
(/home/maximilian/.local/texlive/2016/texmf-dist/tex/generic/pgf/basiclayer/pgf
corequick.code.tex
File: pgfcorequick.code.tex 2008/10/09  (rcs-revision 1.3)
)
(/home/maximilian/.local/texlive/2016/texmf-dist/tex/generic/pgf/basiclayer/pgf
coreobjects.code.tex
File: pgfcoreobjects.code.tex 2006/10/11  (rcs-revision 1.2)
)
(/home/maximilian/.local/texlive/2016/texmf-dist/tex/generic/pgf/basiclayer/pgf
corepathprocessing.code.tex
File: pgfcorepathprocessing.code.tex 2013/09/09  (rcs-revision 1.9)
)
(/home/maximilian/.local/texlive/2016/texmf-dist/tex/generic/pgf/basiclayer/pgf
corearrows.code.tex
File: pgfcorearrows.code.tex 2015/05/14  (rcs-revision 1.43)
\pgfarrowsep=\dimen138
)
(/home/maximilian/.local/texlive/2016/texmf-dist/tex/generic/pgf/basiclayer/pgf
coreshade.code.tex
File: pgfcoreshade.code.tex 2013/07/15  (rcs-revision 1.15)
\pgf@max=\dimen139
\pgf@sys@shading@range@num=\count100
)
(/home/maximilian/.local/texlive/2016/texmf-dist/tex/generic/pgf/basiclayer/pgf
coreimage.code.tex
File: pgfcoreimage.code.tex 2013/07/15  (rcs-revision 1.18)

(/home/maximilian/.local/texlive/2016/texmf-dist/tex/generic/pgf/basiclayer/pgf
coreexternal.code.tex
File: pgfcoreexternal.code.tex 2014/07/09  (rcs-revision 1.21)
\pgfexternal@startupbox=\box32
))
(/home/maximilian/.local/texlive/2016/texmf-dist/tex/generic/pgf/basiclayer/pgf
corelayers.code.tex
File: pgfcorelayers.code.tex 2013/07/18  (rcs-revision 1.7)
)
(/home/maximilian/.local/texlive/2016/texmf-dist/tex/generic/pgf/basiclayer/pgf
coretransparency.code.tex
File: pgfcoretransparency.code.tex 2013/09/30  (rcs-revision 1.5)
)
(/home/maximilian/.local/texlive/2016/texmf-dist/tex/generic/pgf/basiclayer/pgf
corepatterns.code.tex
File: pgfcorepatterns.code.tex 2013/11/07  (rcs-revision 1.5)
)))
(/home/maximilian/.local/texlive/2016/texmf-dist/tex/generic/pgf/modules/pgfmod
uleshapes.code.tex
File: pgfmoduleshapes.code.tex 2014/03/21  (rcs-revision 1.35)
\pgfnodeparttextbox=\box33
)
(/home/maximilian/.local/texlive/2016/texmf-dist/tex/generic/pgf/modules/pgfmod
uleplot.code.tex
File: pgfmoduleplot.code.tex 2015/08/03  (rcs-revision 1.13)
)
(/home/maximilian/.local/texlive/2016/texmf-dist/tex/latex/pgf/compatibility/pg
fcomp-version-0-65.sty
Package: pgfcomp-version-0-65 2007/07/03 v3.0.1a (rcs-revision 1.7)
\pgf@nodesepstart=\dimen140
\pgf@nodesepend=\dimen141
)
(/home/maximilian/.local/texlive/2016/texmf-dist/tex/latex/pgf/compatibility/pg
fcomp-version-1-18.sty
Package: pgfcomp-version-1-18 2007/07/23 v3.0.1a (rcs-revision 1.1)
))
(/home/maximilian/.local/texlive/2016/texmf-dist/tex/latex/pgf/utilities/pgffor
.sty
(/home/maximilian/.local/texlive/2016/texmf-dist/tex/latex/pgf/utilities/pgfkey
s.sty
(/home/maximilian/.local/texlive/2016/texmf-dist/tex/generic/pgf/utilities/pgfk
eys.code.tex))
(/home/maximilian/.local/texlive/2016/texmf-dist/tex/latex/pgf/math/pgfmath.sty

(/home/maximilian/.local/texlive/2016/texmf-dist/tex/generic/pgf/math/pgfmath.c
ode.tex))
(/home/maximilian/.local/texlive/2016/texmf-dist/tex/generic/pgf/utilities/pgff
or.code.tex
Package: pgffor 2013/12/13 v3.0.1a (rcs-revision 1.25)

(/home/maximilian/.local/texlive/2016/texmf-dist/tex/generic/pgf/math/pgfmath.c
ode.tex)
\pgffor@iter=\dimen142
\pgffor@skip=\dimen143
\pgffor@stack=\toks26
\pgffor@toks=\toks27
))
(/home/maximilian/.local/texlive/2016/texmf-dist/tex/generic/pgf/frontendlayer/
tikz/tikz.code.tex
Package: tikz 2015/08/07 v3.0.1a (rcs-revision 1.151)

(/home/maximilian/.local/texlive/2016/texmf-dist/tex/generic/pgf/libraries/pgfl
ibraryplothandlers.code.tex
File: pgflibraryplothandlers.code.tex 2013/08/31 v3.0.1a (rcs-revision 1.20)
\pgf@plot@mark@count=\count101
\pgfplotmarksize=\dimen144
)
\tikz@lastx=\dimen145
\tikz@lasty=\dimen146
\tikz@lastxsaved=\dimen147
\tikz@lastysaved=\dimen148
\tikzleveldistance=\dimen149
\tikzsiblingdistance=\dimen150
\tikz@figbox=\box34
\tikz@figbox@bg=\box35
\tikz@tempbox=\box36
\tikz@tempbox@bg=\box37
\tikztreelevel=\count102
\tikznumberofchildren=\count103
\tikznumberofcurrentchild=\count104
\tikz@fig@count=\count105

(/home/maximilian/.local/texlive/2016/texmf-dist/tex/generic/pgf/modules/pgfmod
ulematrix.code.tex
File: pgfmodulematrix.code.tex 2013/09/17  (rcs-revision 1.8)
\pgfmatrixcurrentrow=\count106
\pgfmatrixcurrentcolumn=\count107
\pgf@matrix@numberofcolumns=\count108
)
\tikz@expandcount=\count109

(/home/maximilian/.local/texlive/2016/texmf-dist/tex/generic/pgf/frontendlayer/
tikz/libraries/tikzlibrarytopaths.code.tex
File: tikzlibrarytopaths.code.tex 2008/06/17 v3.0.1a (rcs-revision 1.2)
)))
(/home/maximilian/.local/texlive/2016/texmf-dist/tex/latex/siunitx/siunitx.sty
(/home/maximilian/.local/texlive/2016/texmf-dist/tex/latex/l3kernel/expl3.sty
Package: expl3 2017/03/18 v7019 L3 programming layer (loader) 

(/home/maximilian/.local/texlive/2016/texmf-dist/tex/latex/l3kernel/expl3-code.
tex
Package: expl3 2017/03/18 v7019 L3 programming layer (code)
\ucharcat@table=\catcodetable5
\c_max_int=\count110
\l_tmpa_int=\count111
\l_tmpb_int=\count112
\g_tmpa_int=\count113
\g_tmpb_int=\count114
\g__prg_map_int=\count115
\c_log_iow=\count116
\l_iow_line_count_int=\count117
\l__iow_line_target_int=\count118
\l__iow_one_indent_int=\count119
\l__iow_indent_int=\count120
\c_zero_dim=\dimen151
\c_max_dim=\dimen152
\l_tmpa_dim=\dimen153
\l_tmpb_dim=\dimen154
\g_tmpa_dim=\dimen155
\g_tmpb_dim=\dimen156
\c_zero_skip=\skip43
\c_max_skip=\skip44
\l_tmpa_skip=\skip45
\l_tmpb_skip=\skip46
\g_tmpa_skip=\skip47
\g_tmpb_skip=\skip48
\c_zero_muskip=\muskip10
\c_max_muskip=\muskip11
\l_tmpa_muskip=\muskip12
\l_tmpb_muskip=\muskip13
\g_tmpa_muskip=\muskip14
\g_tmpb_muskip=\muskip15
\l_keys_choice_int=\count121
\c__fp_leading_shift_int=\count122
\c__fp_middle_shift_int=\count123
\c__fp_trailing_shift_int=\count124
\c__fp_big_leading_shift_int=\count125
\c__fp_big_middle_shift_int=\count126
\c__fp_big_trailing_shift_int=\count127
\c__fp_Bigg_leading_shift_int=\count128
\c__fp_Bigg_middle_shift_int=\count129
\c__fp_Bigg_trailing_shift_int=\count130
\c__fp_rand_size_int=\count131
\c__fp_rand_four_int=\count132
\c__fp_rand_eight_int=\count133
\l__sort_length_int=\count134
\l__sort_min_int=\count135
\l__sort_top_int=\count136
\l__sort_max_int=\count137
\l__sort_true_max_int=\count138
\l__sort_block_int=\count139
\l__sort_begin_int=\count140
\l__sort_end_int=\count141
\l__sort_A_int=\count142
\l__sort_B_int=\count143
\l__sort_C_int=\count144
\c_empty_box=\box38
\l_tmpa_box=\box39
\l_tmpb_box=\box40
\g_tmpa_box=\box41
\g_tmpb_box=\box42
\l__coffin_internal_box=\box43
\l__coffin_internal_dim=\dimen157
\l__coffin_offset_x_dim=\dimen158
\l__coffin_offset_y_dim=\dimen159
\l__coffin_x_dim=\dimen160
\l__coffin_y_dim=\dimen161
\l__coffin_x_prime_dim=\dimen162
\l__coffin_y_prime_dim=\dimen163
\c_empty_coffin=\box44
\l__coffin_aligned_coffin=\box45
\l__coffin_aligned_internal_coffin=\box46
\l_tmpa_coffin=\box47
\l_tmpb_coffin=\box48
\l__coffin_display_coffin=\box49
\l__coffin_display_coord_coffin=\box50
\l__coffin_display_pole_coffin=\box51
\l__coffin_display_offset_dim=\dimen164
\l__coffin_display_x_dim=\dimen165
\l__coffin_display_y_dim=\dimen166
\l__box_top_dim=\dimen167
\l__box_bottom_dim=\dimen168
\l__box_left_dim=\dimen169
\l__box_right_dim=\dimen170
\l__box_top_new_dim=\dimen171
\l__box_bottom_new_dim=\dimen172
\l__box_left_new_dim=\dimen173
\l__box_right_new_dim=\dimen174
\l__box_internal_box=\box52
\l__coffin_bounding_shift_dim=\dimen175
\l__coffin_left_corner_dim=\dimen176
\l__coffin_right_corner_dim=\dimen177
\l__coffin_bottom_corner_dim=\dimen178
\l__coffin_top_corner_dim=\dimen179
\l__coffin_scaled_total_height_dim=\dimen180
\l__coffin_scaled_width_dim=\dimen181
)
(/home/maximilian/.local/texlive/2016/texmf-dist/tex/latex/l3kernel/l3pdfmode.d
ef
File: l3pdfmode.def 2017/03/18 v7019 L3 Experimental driver: PDF mode
\l__driver_color_stack_int=\count145
\l__driver_tmp_box=\box53
))
(/home/maximilian/.local/texlive/2016/texmf-dist/tex/latex/l3packages/xparse/xp
arse.sty
Package: xparse 2017/03/18 v7019 L3 Experimental document command parser
\l__xparse_current_arg_int=\count146
\g__xparse_grabber_int=\count147
\l__xparse_m_args_int=\count148
\l__xparse_mandatory_args_int=\count149
\l__xparse_v_nesting_int=\count150
)
Package: siunitx 2017/03/23 v2.7f A comprehensive (SI) units package

(/home/maximilian/.local/texlive/2016/texmf-dist/tex/latex/amsmath/amstext.sty
Package: amstext 2000/06/29 v2.01 AMS text

(/home/maximilian/.local/texlive/2016/texmf-dist/tex/latex/amsmath/amsgen.sty
File: amsgen.sty 1999/11/30 v2.0 generic functions
\@emptytoks=\toks28
\ex@=\dimen182
)) (/home/maximilian/.local/texlive/2016/texmf-dist/tex/latex/tools/array.sty
Package: array 2016/10/06 v2.4d Tabular extension package (FMi)
\col@sep=\dimen183
\extrarowheight=\dimen184
\NC@list=\toks29
\extratabsurround=\skip49
\backup@length=\skip50
)
(/home/maximilian/.local/texlive/2016/texmf-dist/tex/latex/l3packages/l3keys2e/
l3keys2e.sty
Package: l3keys2e 2017/03/18 v7019 LaTeX2e option processing using LaTeX3 keys
)
\l__siunitx_tmp_box=\box54
\l__siunitx_tmp_dim=\dimen185
\l__siunitx_tmp_int=\count151
\l__siunitx_number_mantissa_length_int=\count152
\l__siunitx_number_uncert_length_int=\count153
\l__siunitx_round_int=\count154
\l__siunitx_process_decimal_int=\count155
\l__siunitx_process_uncertainty_int=\count156
\l__siunitx_process_fixed_int=\count157
\l__siunitx_process_integer_min_int=\count158
\l__siunitx_process_precision_int=\count159
\l__siunitx_group_min_int=\count160
\l__siunitx_angle_marker_box=\box55
\l__siunitx_angle_unit_box=\box56
\l__siunitx_angle_marker_dim=\dimen186
\l__siunitx_angle_unit_dim=\dimen187
\l__siunitx_unit_int=\count161
\l__siunitx_unit_denominator_int=\count162
\l__siunitx_unit_numerator_int=\count163
\l__siunitx_unit_prefix_int=\count164
\l__siunitx_unit_prefix_base_int=\count165
\l__siunitx_unit_prefix_gram_int=\count166
\l__siunitx_number_product_int=\count167
\c__siunitx_one_fill_skip=\skip51
\l__siunitx_table_unit_align_skip=\skip52
\l__siunitx_table_exponent_dim=\dimen188
\l__siunitx_table_integer_dim=\dimen189
\l__siunitx_table_mantissa_dim=\dimen190
\l__siunitx_table_marker_dim=\dimen191
\l__siunitx_table_result_dim=\dimen192
\l__siunitx_table_uncert_dim=\dimen193
\l__siunitx_table_fill_pre_dim=\dimen194
\l__siunitx_table_fill_post_dim=\dimen195
\l__siunitx_table_fill_mid_dim=\dimen196
\l__siunitx_table_pre_box=\box57
\l__siunitx_table_post_box=\box58
\l__siunitx_table_mantissa_box=\box59
\l__siunitx_table_result_box=\box60
\l__siunitx_table_number_align_skip=\skip53
\l__siunitx_table_text_align_skip=\skip54
.................................................
. LaTeX info: "xparse/define-command"
. 
. Defining command \DeclareBinaryPrefix with sig. 'mmm' on line 7274.
.................................................
.................................................
. LaTeX info: "xparse/define-command"
. 
. Defining command \DeclareSIPostPower with sig. 'mm' on line 7277.
.................................................
.................................................
. LaTeX info: "xparse/define-command"
. 
. Defining command \DeclareSIPrefix with sig. 'mmm' on line 7280.
.................................................
.................................................
. LaTeX info: "xparse/define-command"
. 
. Defining command \DeclareSIPrePower with sig. 'mm' on line 7283.
.................................................
.................................................
. LaTeX info: "xparse/define-command"
. 
. Defining command \DeclareSIQualifier with sig. 'mm' on line 7286.
.................................................
.................................................
. LaTeX info: "xparse/define-command"
. 
. Defining command \DeclareSIUnit with sig. 'O{}mm' on line 7289.
.................................................
.................................................
. LaTeX info: "xparse/define-command"
. 
. Defining command \DeclareSIUnitWithOptions with sig. 'mmm' on line 7292.
.................................................
.................................................
. LaTeX info: "xparse/define-command"
. 
. Defining command \ang with sig. 'o>{\SplitArgument {2}{;}}m' on line 7307.
.................................................
.................................................
. LaTeX info: "xparse/define-command"
. 
. Defining command \num with sig. 'om' on line 7316.
.................................................
.................................................
. LaTeX info: "xparse/define-command"
. 
. Defining command \numlist with sig. 'o>{\SplitList {;}}m' on line 7325.
.................................................
.................................................
. LaTeX info: "xparse/define-command"
. 
. Defining command \numrange with sig. 'omm' on line 7334.
.................................................
.................................................
. LaTeX info: "xparse/define-command"
. 
. Defining command \SIlist with sig. 'o>{\SplitList {;}}mm' on line 7346.
.................................................
.................................................
. LaTeX info: "xparse/define-command"
. 
. Defining command \SIrange with sig. 'ommm' on line 7358.
.................................................
.................................................
. LaTeX info: "xparse/define-command"
. 
. Defining command \SI with sig. 'omom' on line 7370.
.................................................
.................................................
. LaTeX info: "xparse/define-command"
. 
. Defining command \sisetup with sig. 'm' on line 7373.
.................................................
.................................................
. LaTeX info: "xparse/define-command"
. 
. Defining command \tablenum with sig. 'om' on line 7388.
.................................................
.................................................
. LaTeX info: "xparse/define-command"
. 
. Defining command \si with sig. 'om' on line 7400.
.................................................
.................................................
. LaTeX info: "xparse/define-command"
. 
. Defining command \numInBookmark with sig. 'om' on line 7447.
.................................................
.................................................
. LaTeX info: "xparse/define-command"
. 
. Defining command \numrangeInBookmark with sig. 'omm' on line 7449.
.................................................
.................................................
. LaTeX info: "xparse/define-command"
. 
. Defining command \SIInBookmark with sig. 'omom' on line 7451.
.................................................
.................................................
. LaTeX info: "xparse/define-command"
. 
. Defining command \SIlistInBookmark with sig. 'omm' on line 7453.
.................................................
.................................................
. LaTeX info: "xparse/define-command"
. 
. Defining command \SIrangeInBookmark with sig. 'ommm' on line 7455.
.................................................
.................................................
. LaTeX info: "xparse/define-command"
. 
. Defining command \siInBookmark with sig. 'om' on line 7456.
.................................................
\g__file_internal_ior=\read2

(/home/maximilian/.local/texlive/2016/texmf-dist/tex/latex/beamer/translator/tr
anslator.sty
Package: translator 2010/06/12 ver 1.10

(/home/maximilian/.local/texlive/2016/texmf-dist/tex/latex/beamer/translator/tr
anslator-language-mappings.tex)))
(/home/maximilian/.local/texlive/2016/texmf-dist/tex/generic/pgf/frontendlayer/
tikz/libraries/tikzlibraryshapes.geometric.code.tex
File: tikzlibraryshapes.geometric.code.tex 2008/01/09 v3.0.1a (rcs-revision 1.1)


(/home/maximilian/.local/texlive/2016/texmf-dist/tex/generic/pgf/libraries/shap
es/pgflibraryshapes.geometric.code.tex
File: pgflibraryshapes.geometric.code.tex 2008/06/26 v3.0.1a (rcs-revision 1.1)
))
(/home/maximilian/.local/texlive/2016/texmf-dist/tex/generic/pgf/frontendlayer/
tikz/libraries/tikzlibraryarrows.code.tex
File: tikzlibraryarrows.code.tex 2008/01/09 v3.0.1a (rcs-revision 1.1)

(/home/maximilian/.local/texlive/2016/texmf-dist/tex/generic/pgf/libraries/pgfl
ibraryarrows.code.tex
File: pgflibraryarrows.code.tex 2013/09/23 v3.0.1a (rcs-revision 1.16)
\arrowsize=\dimen197
)) (../tikzstyle.tex) (./FACT.aux)
\openout1 = FACT.aux

LaTeX Font Info:    Checking defaults for OML/cmm/m/it on input line 12.
LaTeX Font Info:    ... okay on input line 12.
LaTeX Font Info:    Checking defaults for T1/cmr/m/n on input line 12.
LaTeX Font Info:    ... okay on input line 12.
LaTeX Font Info:    Checking defaults for OT1/cmr/m/n on input line 12.
LaTeX Font Info:    ... okay on input line 12.
LaTeX Font Info:    Checking defaults for OMS/cmsy/m/n on input line 12.
LaTeX Font Info:    ... okay on input line 12.
LaTeX Font Info:    Checking defaults for TU/lmr/m/n on input line 12.
LaTeX Font Info:    ... okay on input line 12.
LaTeX Font Info:    Checking defaults for OMX/cmex/m/n on input line 12.
LaTeX Font Info:    ... okay on input line 12.
LaTeX Font Info:    Checking defaults for U/cmr/m/n on input line 12.
LaTeX Font Info:    ... okay on input line 12.

ABD: EveryShipout initializing macros
(/home/maximilian/.local/texlive/2016/texmf-dist/tex/context/base/mkii/supp-pdf
.mkii
[Loading MPS to PDF converter (version 2006.09.02).]
\scratchcounter=\count168
\scratchdimen=\dimen198
\scratchbox=\box61
\nofMPsegments=\count169
\nofMParguments=\count170
\everyMPshowfont=\toks30
\MPscratchCnt=\count171
\MPscratchDim=\dimen199
\MPnumerator=\count172
\makeMPintoPDFobject=\count173
\everyMPtoPDFconversion=\toks31
)
(/home/maximilian/.local/texlive/2016/texmf-dist/tex/latex/oberdiek/epstopdf-ba
se.sty
Package: epstopdf-base 2016/05/15 v2.6 Base part for package epstopdf

(/home/maximilian/.local/texlive/2016/texmf-dist/tex/latex/oberdiek/grfext.sty
Package: grfext 2016/05/16 v1.2 Manage graphics extensions (HO)

(/home/maximilian/.local/texlive/2016/texmf-dist/tex/generic/oberdiek/kvdefinek
eys.sty
Package: kvdefinekeys 2016/05/16 v1.4 Define keys (HO)
))
(/home/maximilian/.local/texlive/2016/texmf-dist/tex/latex/oberdiek/kvoptions.s
ty
Package: kvoptions 2016/05/16 v3.12 Key value format for package options (HO)

(/home/maximilian/.local/texlive/2016/texmf-dist/tex/generic/oberdiek/kvsetkeys
.sty
Package: kvsetkeys 2016/05/16 v1.17 Key value parser (HO)

(/home/maximilian/.local/texlive/2016/texmf-dist/tex/generic/oberdiek/etexcmds.
sty
Package: etexcmds 2016/05/16 v1.6 Avoid name clashes with e-TeX commands (HO)
)))
(/home/maximilian/.local/texlive/2016/texmf-dist/tex/generic/oberdiek/pdftexcmd
s.sty
Package: pdftexcmds 2017/03/19 v0.25 Utility functions of pdfTeX for LuaTeX (HO)

Package pdftexcmds Info: \pdf@primitive is available.
Package pdftexcmds Info: \pdf@ifprimitive is available.
Package pdftexcmds Info: \pdfdraftmode found.
\pdftexcmds@toks=\toks32
)
Package epstopdf-base Info: Redefining graphics rule for `.eps' on input line 43
8.
Package grfext Info: Graphics extension search list:
(grfext)             [.png,.pdf,.jpg,.mps,.jpeg,.jbig2,.jb2,.PNG,.PDF,.JPG,.JPEG
,.JBIG2,.JB2,.eps]
(grfext)             \AppendGraphicsExtensions on input line 456.

(/home/maximilian/.local/texlive/2016/texmf-dist/tex/latex/latexconfig/epstopdf
-sys.cfg
File: epstopdf-sys.cfg 2010/07/13 v1.3 Configuration of (r)epstopdf for TeX Live

))
(/home/maximilian/.local/texlive/2016/texmf-dist/tex/latex/beamer/translator/di
cts/translator-basic-dictionary/translator-basic-dictionary-English.dict
Dictionary: translator-basic-dictionary, Language: English 
)
(/home/maximilian/.local/texlive/2016/texmf-dist/tex/latex/siunitx/siunitx-abbr
eviations.cfg
File: siunitx-abbreviations.cfg 2017/03/23 v2.7f siunitx: Abbreviated units
)
\c__siunitx_mathsf_int=\count174
LaTeX Font Info:    External font `cmex10' loaded for size
(Font)              <7> on input line 12.
LaTeX Font Info:    External font `cmex10' loaded for size
(Font)              <5> on input line 12.
\c__siunitx_mathtt_int=\count175
(load luc: /home/maximilian/.local/texlive/2016/texmf-var/luatex-cache/generic/f
onts/otl/lmroman7-regular.luc)(load luc: /home/maximilian/.local/texlive/2016/te
xmf-var/luatex-cache/generic/fonts/otl/lmroman5-regular.luc)
[1

{/home/maximilian/.local/texlive/2016/texmf-var/fonts/map/pdftex/updmap/pdftex.m
ap}] (./FACT.aux))

Here is how much of LuaTeX's memory you used:
 22587 strings out of 494577
 100000,552014 words of node,token memory allocated
 4348 words of node memory still in use:
   72 hlist, 7 vlist, 1 rule, 14 disc, 6 local_par, 10 math, 111 glue, 7 kern, 1
1 penalty, 131 glyph, 243 attribute, 49 glue_spec, 243 attribute_list, 1 write, 
146 pdf_literal, 4 pdf_colorstack nodes
   avail lists: 2:26,3:159,4:9,5:20,6:138,7:134,8:8,9:83,10:5,11:14
 26014 multiletter control sequences out of 65536+600000
 33 fonts using 1980663 bytes
 55i,14n,56p,404b,1330s stack positions out of 5000i,500n,10000p,200000b,100000s
</home/maximilian/.local/texlive/2016/texmf-dist/fonts/opentype/public/lm/lmroma
n10-regular.otf></home/maximilian/.local/texlive/2016/texmf-dist/fonts/type1/pub
lic/amsfonts/cm/cmr10.pfb></home/maximilian/.local/texlive/2016/texmf-dist/fonts
/type1/public/amsfonts/cm/cmr7.pfb>
Output written on FACT.pdf (1 page, 24070 bytes).

PDF statistics: 26 PDF objects out of 1000 (max. 8388607)
 17 compressed objects within 1 object stream
 0 named destinations out of 1000 (max. 131072)
 16 words of extra memory for PDF output out of 10000 (max. 10000000)

