This is LuaTeX, Version 0.95.0 (TeX Live 2016)  (format=lualatex 2017.4.10)  5 OCT 2017 11:37
 restricted system commands enabled.
**example.tex
(./example.tex
LaTeX2e <2017/01/01> patch level 3
Lua module: luaotfload-main 2017/01/29 2.80001 OpenType layout system.
Lua module: lualibs 2017-02-01 2.5 ConTeXt Lua standard libraries.
Lua module: lualibs-extended 2017-02-01 2.5 ConTeXt Lua libraries -- extended co
llection.(using write cache: /home/maximilian/.local/texlive/2016/texmf-var/luat
ex-cache/generic)(using read cache: /home/maximilian/.local/texlive/2016/texmf-v
ar/luatex-cache/generic /home/maximilian/.texlive2016/texmf-var/luatex-cache/gen
eric)
luaotfload | conf : Root cache directory is /home/maximilian/.local/texlive/2016
/texmf-var/luatex-cache/generic/names.
luaotfload | init : Loading fontloader “fontloader-2017-02-11.lua” from kpse
-resolved path “/home/maximilian/.local/texlive/2016/texmf-dist/tex/luatex/lua
otfload/fontloader-2017-02-11.lua”.
Lua-only attribute luaotfload@state = 1
Lua-only attribute luaotfload@noligature = 2
Lua-only attribute luaotfload@syllabe = 3
luaotfload | init : Context OpenType loader version “3.027”
Inserting `luaotfload.node_processor' at position 1 in `pre_linebreak_filter'.
Inserting `luaotfload.node_processor' at position 1 in `hpack_filter'.
Inserting `luaotfload.define_font' at position 1 in `define_font'.
Lua-only attribute luaotfload_color_attribute = 4
luaotfload | conf : Root cache directory is /home/maximilian/.local/texlive/2016
/texmf-var/luatex-cache/generic/names.
Inserting `luaotfload.aux.set_sscale_dimens' at position 1 in `luaotfload.patch_
font'.
Inserting `luaotfload.aux.patch_cambria_domh' at position 2 in `luaotfload.patch
_font'.
Inserting `luaotfload.aux.fixup_fontdata' at position 1 in `luaotfload.patch_fon
t_unsafe'.
Inserting `luaotfload.aux.set_capheight' at position 3 in `luaotfload.patch_font
'.
Inserting `luaotfload.rewrite_fontname' at position 4 in `luaotfload.patch_font'
.
luaotfload | main : initialization completed in 0.101 seconds
Babel <3.9r> and hyphenation patterns for 1 language(s) loaded.
(/home/maximilian/.local/texlive/2016/texmf-dist/tex/latex/beamer/beamer.cls
Document Class: beamer 2017/01/23 v3.41 A class for typesetting presentations

(/home/maximilian/.local/texlive/2016/texmf-dist/tex/latex/etoolbox/etoolbox.st
y
Package: etoolbox 2017/01/02 v2.4 e-TeX tools for LaTeX (JAW)
\etb@tempcnta=\count79
)
(/home/maximilian/.local/texlive/2016/texmf-dist/tex/latex/beamer/beamerbasemod
es.sty
\beamer@tempbox=\box26
\beamer@tempcount=\count80
\c@beamerpauses=\count81

(/home/maximilian/.local/texlive/2016/texmf-dist/tex/latex/beamer/beamerbasedec
ode.sty
\beamer@slideinframe=\count82
\beamer@minimum=\count83
)
\beamer@commentbox=\box27
\beamer@modecount=\count84
)
(/home/maximilian/.local/texlive/2016/texmf-dist/tex/generic/oberdiek/ifpdf.sty
Package: ifpdf 2017/03/15 v3.2 Provides the ifpdf switch
)
\headheight=\dimen102
\headdp=\dimen103
\footheight=\dimen104
\sidebarheight=\dimen105
\beamer@tempdim=\dimen106
\beamer@finalheight=\dimen107
\beamer@animht=\dimen108
\beamer@animdp=\dimen109
\beamer@animwd=\dimen110
\beamer@leftmargin=\dimen111
\beamer@rightmargin=\dimen112
\beamer@leftsidebar=\dimen113
\beamer@rightsidebar=\dimen114
\beamer@boxsize=\dimen115
\beamer@vboxoffset=\dimen116
\beamer@descdefault=\dimen117
\beamer@descriptionwidth=\dimen118
\beamer@lastskip=\skip41
\beamer@areabox=\box28
\beamer@animcurrent=\box29
\beamer@animshowbox=\box30
\beamer@sectionbox=\box31
\beamer@logobox=\box32
\beamer@linebox=\box33
\beamer@sectioncount=\count85
\beamer@subsubsectionmax=\count86
\beamer@subsectionmax=\count87
\beamer@sectionmax=\count88
\beamer@totalheads=\count89
\beamer@headcounter=\count90
\beamer@partstartpage=\count91
\beamer@sectionstartpage=\count92
\beamer@subsectionstartpage=\count93
\beamer@animationtempa=\count94
\beamer@animationtempb=\count95
\beamer@xpos=\count96
\beamer@ypos=\count97
\beamer@showpartnumber=\count98
\beamer@currentsubsection=\count99
\beamer@coveringdepth=\count100
\beamer@sectionadjust=\count101
\beamer@tocsectionnumber=\count102

(/home/maximilian/.local/texlive/2016/texmf-dist/tex/latex/beamer/beamerbaseopt
ions.sty
(/home/maximilian/.local/texlive/2016/texmf-dist/tex/latex/graphics/keyval.sty
Package: keyval 2014/10/28 v1.15 key=value parser (DPC)
\KV@toks@=\toks14
))
\beamer@paperwidth=\skip42
\beamer@paperheight=\skip43

(/home/maximilian/.local/texlive/2016/texmf-dist/tex/latex/geometry/geometry.st
y
Package: geometry 2010/09/12 v5.6 Page Geometry

(/home/maximilian/.local/texlive/2016/texmf-dist/tex/generic/oberdiek/ifvtex.st
y
Package: ifvtex 2016/05/16 v1.6 Detect VTeX and its facilities (HO)
Package ifvtex Info: VTeX not detected.
)
(/home/maximilian/.local/texlive/2016/texmf-dist/tex/generic/ifxetex/ifxetex.st
y
Package: ifxetex 2010/09/12 v0.6 Provides ifxetex conditional
)
\Gm@cnth=\count103
\Gm@cntv=\count104
\c@Gm@tempcnt=\count105
\Gm@bindingoffset=\dimen119
\Gm@wd@mp=\dimen120
\Gm@odd@mp=\dimen121
\Gm@even@mp=\dimen122
\Gm@layoutwidth=\dimen123
\Gm@layoutheight=\dimen124
\Gm@layouthoffset=\dimen125
\Gm@layoutvoffset=\dimen126
\Gm@dimlist=\toks15
)
(/home/maximilian/.local/texlive/2016/texmf-dist/tex/latex/extsizes/size9.clo
File: size9.clo 1999/11/11 v1.4a NON-Standard LaTeX file (size option)
luaotfload | db : Font names database loaded from /home/maximilian/.local/texliv
e/2016/texmf-var/luatex-cache/generic/names/luaotfload-names.luc(load luc: /home
/maximilian/.local/texlive/2016/texmf-var/luatex-cache/generic/fonts/otl/lmroman
9-regular.luc))
(/home/maximilian/.local/texlive/2016/texmf-dist/tex/latex/pgf/basiclayer/pgfco
re.sty
(/home/maximilian/.local/texlive/2016/texmf-dist/tex/latex/graphics/graphicx.st
y
Package: graphicx 2014/10/28 v1.0g Enhanced LaTeX Graphics (DPC,SPQR)

(/home/maximilian/.local/texlive/2016/texmf-dist/tex/latex/graphics/graphics.st
y
Package: graphics 2016/10/09 v1.0u Standard LaTeX Graphics (DPC,SPQR)
 (/home/maximilian/.local/texlive/2016/texmf-dist/tex/latex/graphics/trig.sty
Package: trig 2016/01/03 v1.10 sin cos tan (DPC)
)
(/home/maximilian/.local/texlive/2016/texmf-dist/tex/latex/graphics-cfg/graphic
s.cfg
File: graphics.cfg 2016/06/04 v1.11 sample graphics configuration
)
Package graphics Info: Driver file: luatex.def on input line 99.

(/home/maximilian/.local/texlive/2016/texmf-dist/tex/latex/graphics-def/luatex.
def
File: luatex.def 2017/01/12 v0.01h Graphics/Color for luaTeX

(/home/maximilian/.local/texlive/2016/texmf-dist/tex/generic/oberdiek/infwarerr
.sty
Package: infwarerr 2016/05/16 v1.4 Providing info/warning/error messages (HO)
)
(/home/maximilian/.local/texlive/2016/texmf-dist/tex/generic/oberdiek/ltxcmds.s
ty
Package: ltxcmds 2016/05/16 v1.23 LaTeX kernel commands for general use (HO)
)
\Gread@gobject=\count106
))
\Gin@req@height=\dimen127
\Gin@req@width=\dimen128
)
(/home/maximilian/.local/texlive/2016/texmf-dist/tex/latex/pgf/systemlayer/pgfs
ys.sty
(/home/maximilian/.local/texlive/2016/texmf-dist/tex/latex/pgf/utilities/pgfrcs
.sty
(/home/maximilian/.local/texlive/2016/texmf-dist/tex/generic/pgf/utilities/pgfu
til-common.tex
\pgfutil@everybye=\toks16
\pgfutil@tempdima=\dimen129
\pgfutil@tempdimb=\dimen130

(/home/maximilian/.local/texlive/2016/texmf-dist/tex/generic/pgf/utilities/pgfu
til-common-lists.tex))
(/home/maximilian/.local/texlive/2016/texmf-dist/tex/generic/pgf/utilities/pgfu
til-latex.def
\pgfutil@abb=\box34

(/home/maximilian/.local/texlive/2016/texmf-dist/tex/latex/ms/everyshi.sty
Package: everyshi 2001/05/15 v3.00 EveryShipout Package (MS)
))
(/home/maximilian/.local/texlive/2016/texmf-dist/tex/generic/pgf/utilities/pgfr
cs.code.tex
Package: pgfrcs 2015/08/07 v3.0.1a (rcs-revision 1.31)
))
(/home/maximilian/.local/texlive/2016/texmf-dist/tex/generic/pgf/systemlayer/pg
fsys.code.tex
Package: pgfsys 2014/07/09 v3.0.1a (rcs-revision 1.48)

(/home/maximilian/.local/texlive/2016/texmf-dist/tex/generic/pgf/utilities/pgfk
eys.code.tex
\pgfkeys@pathtoks=\toks17
\pgfkeys@temptoks=\toks18

(/home/maximilian/.local/texlive/2016/texmf-dist/tex/generic/pgf/utilities/pgfk
eysfiltered.code.tex
\pgfkeys@tmptoks=\toks19
))
\pgf@x=\dimen131
\pgf@y=\dimen132
\pgf@xa=\dimen133
\pgf@ya=\dimen134
\pgf@xb=\dimen135
\pgf@yb=\dimen136
\pgf@xc=\dimen137
\pgf@yc=\dimen138
\w@pgf@writea=\write3
\r@pgf@reada=\read1
\c@pgf@counta=\count107
\c@pgf@countb=\count108
\c@pgf@countc=\count109
\c@pgf@countd=\count110
\t@pgf@toka=\toks20
\t@pgf@tokb=\toks21
\t@pgf@tokc=\toks22

(/home/maximilian/.local/texlive/2016/texmf-dist/tex/generic/pgf/systemlayer/pg
f.cfg
File: pgf.cfg 2008/05/14  (rcs-revision 1.7)
)
Driver file for pgf: pgfsys-luatex.def

(/home/maximilian/.local/texlive/2016/texmf-dist/tex/generic/pgf/systemlayer/pg
fsys-luatex.def
File: pgfsys-luatex.def 2014/10/11  (rcs-revision 1.35)

(/home/maximilian/.local/texlive/2016/texmf-dist/tex/generic/pgf/systemlayer/pg
fsys-common-pdf.def
File: pgfsys-common-pdf.def 2013/10/10  (rcs-revision 1.13)
)))
(/home/maximilian/.local/texlive/2016/texmf-dist/tex/generic/pgf/systemlayer/pg
fsyssoftpath.code.tex
File: pgfsyssoftpath.code.tex 2013/09/09  (rcs-revision 1.9)
\pgfsyssoftpath@smallbuffer@items=\count111
\pgfsyssoftpath@bigbuffer@items=\count112
)
(/home/maximilian/.local/texlive/2016/texmf-dist/tex/generic/pgf/systemlayer/pg
fsysprotocol.code.tex
File: pgfsysprotocol.code.tex 2006/10/16  (rcs-revision 1.4)
))
(/home/maximilian/.local/texlive/2016/texmf-dist/tex/latex/xcolor/xcolor.sty
Package: xcolor 2016/05/11 v2.12 LaTeX color extensions (UK)

(/home/maximilian/.local/texlive/2016/texmf-dist/tex/latex/graphics-cfg/color.c
fg
File: color.cfg 2016/01/02 v1.6 sample color configuration
)
Package xcolor Info: Driver file: luatex.def on input line 225.
Package xcolor Info: Model `cmy' substituted by `cmy0' on input line 1348.
Package xcolor Info: Model `hsb' substituted by `rgb' on input line 1352.
Package xcolor Info: Model `RGB' extended on input line 1364.
Package xcolor Info: Model `HTML' substituted by `rgb' on input line 1366.
Package xcolor Info: Model `Hsb' substituted by `hsb' on input line 1367.
Package xcolor Info: Model `tHsb' substituted by `hsb' on input line 1368.
Package xcolor Info: Model `HSB' substituted by `hsb' on input line 1369.
Package xcolor Info: Model `Gray' substituted by `gray' on input line 1370.
Package xcolor Info: Model `wave' substituted by `hsb' on input line 1371.
)
(/home/maximilian/.local/texlive/2016/texmf-dist/tex/generic/pgf/basiclayer/pgf
core.code.tex
Package: pgfcore 2010/04/11 v3.0.1a (rcs-revision 1.7)

(/home/maximilian/.local/texlive/2016/texmf-dist/tex/generic/pgf/math/pgfmath.c
ode.tex
(/home/maximilian/.local/texlive/2016/texmf-dist/tex/generic/pgf/math/pgfmathca
lc.code.tex
(/home/maximilian/.local/texlive/2016/texmf-dist/tex/generic/pgf/math/pgfmathut
il.code.tex)
(/home/maximilian/.local/texlive/2016/texmf-dist/tex/generic/pgf/math/pgfmathpa
rser.code.tex
\pgfmath@dimen=\dimen139
\pgfmath@count=\count113
\pgfmath@box=\box35
\pgfmath@toks=\toks23
\pgfmath@stack@operand=\toks24
\pgfmath@stack@operation=\toks25
)
(/home/maximilian/.local/texlive/2016/texmf-dist/tex/generic/pgf/math/pgfmathfu
nctions.code.tex
(/home/maximilian/.local/texlive/2016/texmf-dist/tex/generic/pgf/math/pgfmathfu
nctions.basic.code.tex)
(/home/maximilian/.local/texlive/2016/texmf-dist/tex/generic/pgf/math/pgfmathfu
nctions.trigonometric.code.tex)
(/home/maximilian/.local/texlive/2016/texmf-dist/tex/generic/pgf/math/pgfmathfu
nctions.random.code.tex)
(/home/maximilian/.local/texlive/2016/texmf-dist/tex/generic/pgf/math/pgfmathfu
nctions.comparison.code.tex)
(/home/maximilian/.local/texlive/2016/texmf-dist/tex/generic/pgf/math/pgfmathfu
nctions.base.code.tex)
(/home/maximilian/.local/texlive/2016/texmf-dist/tex/generic/pgf/math/pgfmathfu
nctions.round.code.tex)
(/home/maximilian/.local/texlive/2016/texmf-dist/tex/generic/pgf/math/pgfmathfu
nctions.misc.code.tex)
(/home/maximilian/.local/texlive/2016/texmf-dist/tex/generic/pgf/math/pgfmathfu
nctions.integerarithmetics.code.tex)))
(/home/maximilian/.local/texlive/2016/texmf-dist/tex/generic/pgf/math/pgfmathfl
oat.code.tex
\c@pgfmathroundto@lastzeros=\count114
))
(/home/maximilian/.local/texlive/2016/texmf-dist/tex/generic/pgf/basiclayer/pgf
corepoints.code.tex
File: pgfcorepoints.code.tex 2013/10/07  (rcs-revision 1.27)
\pgf@picminx=\dimen140
\pgf@picmaxx=\dimen141
\pgf@picminy=\dimen142
\pgf@picmaxy=\dimen143
\pgf@pathminx=\dimen144
\pgf@pathmaxx=\dimen145
\pgf@pathminy=\dimen146
\pgf@pathmaxy=\dimen147
\pgf@xx=\dimen148
\pgf@xy=\dimen149
\pgf@yx=\dimen150
\pgf@yy=\dimen151
\pgf@zx=\dimen152
\pgf@zy=\dimen153
)
(/home/maximilian/.local/texlive/2016/texmf-dist/tex/generic/pgf/basiclayer/pgf
corepathconstruct.code.tex
File: pgfcorepathconstruct.code.tex 2013/10/07  (rcs-revision 1.29)
\pgf@path@lastx=\dimen154
\pgf@path@lasty=\dimen155
)
(/home/maximilian/.local/texlive/2016/texmf-dist/tex/generic/pgf/basiclayer/pgf
corepathusage.code.tex
File: pgfcorepathusage.code.tex 2014/11/02  (rcs-revision 1.24)
\pgf@shorten@end@additional=\dimen156
\pgf@shorten@start@additional=\dimen157
)
(/home/maximilian/.local/texlive/2016/texmf-dist/tex/generic/pgf/basiclayer/pgf
corescopes.code.tex
File: pgfcorescopes.code.tex 2015/05/08  (rcs-revision 1.46)
\pgfpic=\box36
\pgf@hbox=\box37
\pgf@layerbox@main=\box38
\pgf@picture@serial@count=\count115
)
(/home/maximilian/.local/texlive/2016/texmf-dist/tex/generic/pgf/basiclayer/pgf
coregraphicstate.code.tex
File: pgfcoregraphicstate.code.tex 2014/11/02  (rcs-revision 1.12)
\pgflinewidth=\dimen158
)
(/home/maximilian/.local/texlive/2016/texmf-dist/tex/generic/pgf/basiclayer/pgf
coretransformations.code.tex
File: pgfcoretransformations.code.tex 2015/08/07  (rcs-revision 1.20)
\pgf@pt@x=\dimen159
\pgf@pt@y=\dimen160
\pgf@pt@temp=\dimen161
)
(/home/maximilian/.local/texlive/2016/texmf-dist/tex/generic/pgf/basiclayer/pgf
corequick.code.tex
File: pgfcorequick.code.tex 2008/10/09  (rcs-revision 1.3)
)
(/home/maximilian/.local/texlive/2016/texmf-dist/tex/generic/pgf/basiclayer/pgf
coreobjects.code.tex
File: pgfcoreobjects.code.tex 2006/10/11  (rcs-revision 1.2)
)
(/home/maximilian/.local/texlive/2016/texmf-dist/tex/generic/pgf/basiclayer/pgf
corepathprocessing.code.tex
File: pgfcorepathprocessing.code.tex 2013/09/09  (rcs-revision 1.9)
)
(/home/maximilian/.local/texlive/2016/texmf-dist/tex/generic/pgf/basiclayer/pgf
corearrows.code.tex
File: pgfcorearrows.code.tex 2015/05/14  (rcs-revision 1.43)
\pgfarrowsep=\dimen162
)
(/home/maximilian/.local/texlive/2016/texmf-dist/tex/generic/pgf/basiclayer/pgf
coreshade.code.tex
File: pgfcoreshade.code.tex 2013/07/15  (rcs-revision 1.15)
\pgf@max=\dimen163
\pgf@sys@shading@range@num=\count116
)
(/home/maximilian/.local/texlive/2016/texmf-dist/tex/generic/pgf/basiclayer/pgf
coreimage.code.tex
File: pgfcoreimage.code.tex 2013/07/15  (rcs-revision 1.18)

(/home/maximilian/.local/texlive/2016/texmf-dist/tex/generic/pgf/basiclayer/pgf
coreexternal.code.tex
File: pgfcoreexternal.code.tex 2014/07/09  (rcs-revision 1.21)
\pgfexternal@startupbox=\box39
))
(/home/maximilian/.local/texlive/2016/texmf-dist/tex/generic/pgf/basiclayer/pgf
corelayers.code.tex
File: pgfcorelayers.code.tex 2013/07/18  (rcs-revision 1.7)
)
(/home/maximilian/.local/texlive/2016/texmf-dist/tex/generic/pgf/basiclayer/pgf
coretransparency.code.tex
File: pgfcoretransparency.code.tex 2013/09/30  (rcs-revision 1.5)
)
(/home/maximilian/.local/texlive/2016/texmf-dist/tex/generic/pgf/basiclayer/pgf
corepatterns.code.tex
File: pgfcorepatterns.code.tex 2013/11/07  (rcs-revision 1.5)
)))
(/home/maximilian/.local/texlive/2016/texmf-dist/tex/latex/pgf/utilities/xxcolo
r.sty
Package: xxcolor 2003/10/24 ver 0.1
\XC@nummixins=\count117
\XC@countmixins=\count118
)
(/home/maximilian/.local/texlive/2016/texmf-dist/tex/generic/oberdiek/atbegshi.
sty
Package: atbegshi 2016/06/09 v1.18 At begin shipout hook (HO)
)
(/home/maximilian/.local/texlive/2016/texmf-dist/tex/latex/hyperref/hyperref.st
y
Package: hyperref 2017/03/14 v6.85a Hypertext links for LaTeX

(/home/maximilian/.local/texlive/2016/texmf-dist/tex/generic/oberdiek/hobsub-hy
perref.sty
Package: hobsub-hyperref 2016/05/16 v1.14 Bundle oberdiek, subset hyperref (HO)

(/home/maximilian/.local/texlive/2016/texmf-dist/tex/generic/oberdiek/hobsub-ge
neric.sty
Package: hobsub-generic 2016/05/16 v1.14 Bundle oberdiek, subset generic (HO)
Package: hobsub 2016/05/16 v1.14 Construct package bundles (HO)
Package hobsub Info: Skipping package `infwarerr' (already loaded).
Package hobsub Info: Skipping package `ltxcmds' (already loaded).
Package: ifluatex 2016/05/16 v1.4 Provides the ifluatex switch (HO)
Package ifluatex Info: LuaTeX detected.
Package hobsub Info: Skipping package `ifvtex' (already loaded).
Package: intcalc 2016/05/16 v1.2 Expandable calculations with integers (HO)
Package hobsub Info: Skipping package `ifpdf' (already loaded).
Package: etexcmds 2016/05/16 v1.6 Avoid name clashes with e-TeX commands (HO)
Package: kvsetkeys 2016/05/16 v1.17 Key value parser (HO)
Package: kvdefinekeys 2016/05/16 v1.4 Define keys (HO)
Package: luatex-loader 2016/05/16 v0.6 Lua module loader (HO)

(/home/maximilian/.local/texlive/2016/texmf-dist/scripts/oberdiek/oberdiek.luate
x.lua)
Package: pdftexcmds 2017/03/19 v0.25 Utility functions of pdfTeX for LuaTeX (HO)

Package pdftexcmds Info: \pdf@primitive is available.
Package pdftexcmds Info: \pdf@ifprimitive is available.
Package pdftexcmds Info: \pdfdraftmode found.
\pdftexcmds@toks=\toks26
Package: pdfescape 2016/05/16 v1.14 Implements pdfTeX's escape features (HO)
Package: bigintcalc 2016/05/16 v1.4 Expandable calculations on big integers (HO)

Package: bitset 2016/05/16 v1.2 Handle bit-vector datatype (HO)
Package: uniquecounter 2016/05/16 v1.3 Provide unlimited unique counter (HO)
)
Package hobsub Info: Skipping package `hobsub' (already loaded).
Package: letltxmacro 2016/05/16 v1.5 Let assignment for LaTeX macros (HO)
Package: hopatch 2016/05/16 v1.3 Wrapper for package hooks (HO)
Package: xcolor-patch 2016/05/16 xcolor patch
Package: atveryend 2016/05/16 v1.9 Hooks at the very end of document (HO)
Package hobsub Info: Skipping package `atbegshi' (already loaded).
Package: refcount 2016/05/16 v3.5 Data extraction from label references (HO)
Package: hycolor 2016/05/16 v1.8 Color options for hyperref/bookmark (HO)
)
(/home/maximilian/.local/texlive/2016/texmf-dist/tex/latex/oberdiek/auxhook.sty
Package: auxhook 2016/05/16 v1.4 Hooks for auxiliary files (HO)
)
(/home/maximilian/.local/texlive/2016/texmf-dist/tex/latex/oberdiek/kvoptions.s
ty
Package: kvoptions 2016/05/16 v3.12 Key value format for package options (HO)
)
\@linkdim=\dimen164
\Hy@linkcounter=\count119
\Hy@pagecounter=\count120

(/home/maximilian/.local/texlive/2016/texmf-dist/tex/latex/hyperref/pd1enc.def
File: pd1enc.def 2017/03/14 v6.85a Hyperref: PDFDocEncoding definition (HO)
)
\Hy@SavedSpaceFactor=\count121

(/home/maximilian/.local/texlive/2016/texmf-dist/tex/latex/latexconfig/hyperref
.cfg
File: hyperref.cfg 2002/06/06 v1.2 hyperref configuration of TeXLive
)
Package hyperref Info: Option `unicode' set `true' on input line 4374.

(/home/maximilian/.local/texlive/2016/texmf-dist/tex/latex/hyperref/puenc.def
File: puenc.def 2017/03/14 v6.85a Hyperref: PDF Unicode definition (HO)
)
Package hyperref Info: Option `bookmarks' set `true' on input line 4374.
Package hyperref Info: Option `bookmarksopen' set `true' on input line 4374.
Package hyperref Info: Option `implicit' set `false' on input line 4374.
Package hyperref Info: Hyper figures OFF on input line 4498.
Package hyperref Info: Link nesting OFF on input line 4503.
Package hyperref Info: Hyper index ON on input line 4506.
Package hyperref Info: Plain pages OFF on input line 4513.
Package hyperref Info: Backreferencing OFF on input line 4518.
Package hyperref Info: Implicit mode OFF; no redefinition of LaTeX internals.
Package hyperref Info: Bookmarks ON on input line 4751.
\c@Hy@tempcnt=\count122

(/home/maximilian/.local/texlive/2016/texmf-dist/tex/latex/url/url.sty
\Urlmuskip=\muskip10
Package: url 2013/09/16  ver 3.4  Verb mode for urls, etc.
)
LaTeX Info: Redefining \url on input line 5104.
\XeTeXLinkMargin=\dimen165
\Fld@menulength=\count123
\Field@Width=\dimen166
\Fld@charsize=\dimen167
Package hyperref Info: Hyper figures OFF on input line 6358.
Package hyperref Info: Link nesting OFF on input line 6363.
Package hyperref Info: Hyper index ON on input line 6366.
Package hyperref Info: backreferencing OFF on input line 6373.
Package hyperref Info: Link coloring OFF on input line 6378.
Package hyperref Info: Link coloring with OCG OFF on input line 6383.
Package hyperref Info: PDF/A mode OFF on input line 6388.
LaTeX Info: Redefining \ref on input line 6428.
LaTeX Info: Redefining \pageref on input line 6432.
\Hy@abspage=\count124


Package hyperref Message: Stopped early.

)

Package hyperref Message: Driver (autodetected): hluatex.


(/home/maximilian/.local/texlive/2016/texmf-dist/tex/latex/hyperref/hluatex.def
File: hluatex.def 2017/03/14 v6.85a Hyperref driver for luaTeX
\Fld@listcount=\count125
\c@bookmark@seq@number=\count126

(/home/maximilian/.local/texlive/2016/texmf-dist/tex/latex/oberdiek/rerunfilech
eck.sty
Package: rerunfilecheck 2016/05/16 v1.8 Rerun checks for auxiliary files (HO)
Package uniquecounter Info: New unique counter `rerunfilecheck' on input line 28
2.
))
(/home/maximilian/.local/texlive/2016/texmf-dist/tex/latex/beamer/beamerbasereq
uires.sty
(/home/maximilian/.local/texlive/2016/texmf-dist/tex/latex/beamer/beamerbasecom
patibility.sty)
(/home/maximilian/.local/texlive/2016/texmf-dist/tex/latex/beamer/beamerbasefon
t.sty
(/home/maximilian/.local/texlive/2016/texmf-dist/tex/latex/amsfonts/amssymb.sty
Package: amssymb 2013/01/14 v3.01 AMS font symbols

(/home/maximilian/.local/texlive/2016/texmf-dist/tex/latex/amsfonts/amsfonts.st
y
Package: amsfonts 2013/01/14 v3.01 Basic AMSFonts support
\@emptytoks=\toks27
\symAMSa=\mathgroup4
\symAMSb=\mathgroup5
LaTeX Font Info:    Overwriting math alphabet `\mathfrak' in version `bold'
(Font)                  U/euf/m/n --> U/euf/b/n on input line 106.
))
(/home/maximilian/.local/texlive/2016/texmf-dist/tex/latex/sansmathaccent/sansm
athaccent.sty
Package: sansmathaccent 2013/03/28

(/home/maximilian/.local/texlive/2016/texmf-dist/tex/latex/filehook/filehook.st
y
Package: filehook 2011/10/12 v0.5d Hooks for input files
)))
(/home/maximilian/.local/texlive/2016/texmf-dist/tex/latex/beamer/beamerbasetra
nslator.sty
(/home/maximilian/.local/texlive/2016/texmf-dist/tex/latex/beamer/translator/tr
anslator.sty
Package: translator 2010/06/12 ver 1.10

(/home/maximilian/.local/texlive/2016/texmf-dist/tex/latex/beamer/translator/tr
anslator-language-mappings.tex)))
(/home/maximilian/.local/texlive/2016/texmf-dist/tex/latex/beamer/beamerbasemis
c.sty)
(/home/maximilian/.local/texlive/2016/texmf-dist/tex/latex/beamer/beamerbasetwo
screens.sty)
(/home/maximilian/.local/texlive/2016/texmf-dist/tex/latex/beamer/beamerbaseove
rlay.sty
\beamer@argscount=\count127
\beamer@lastskipcover=\skip44
\beamer@trivlistdepth=\count128
)
(/home/maximilian/.local/texlive/2016/texmf-dist/tex/latex/beamer/beamerbasetit
le.sty)
(/home/maximilian/.local/texlive/2016/texmf-dist/tex/latex/beamer/beamerbasesec
tion.sty
\c@lecture=\count129
\c@part=\count130
\c@section=\count131
\c@subsection=\count132
\c@subsubsection=\count133
)
(/home/maximilian/.local/texlive/2016/texmf-dist/tex/latex/beamer/beamerbasefra
me.sty
\beamer@framebox=\box40
\beamer@frametitlebox=\box41
\beamer@zoombox=\box42
\beamer@zoomcount=\count134
\beamer@zoomframecount=\count135
\beamer@frametextheight=\dimen168
\c@subsectionslide=\count136
\beamer@frametopskip=\skip45
\beamer@framebottomskip=\skip46
\beamer@frametopskipautobreak=\skip47
\beamer@framebottomskipautobreak=\skip48
\beamer@envbody=\toks28
\framewidth=\dimen169
\c@framenumber=\count137
)
(/home/maximilian/.local/texlive/2016/texmf-dist/tex/latex/beamer/beamerbasever
batim.sty
\beamer@verbatimfileout=\write4
)
(/home/maximilian/.local/texlive/2016/texmf-dist/tex/latex/beamer/beamerbasefra
mesize.sty
\beamer@splitbox=\box43
\beamer@autobreakcount=\count138
\beamer@autobreaklastheight=\dimen170
\beamer@frametitletoks=\toks29
\beamer@framesubtitletoks=\toks30
)
(/home/maximilian/.local/texlive/2016/texmf-dist/tex/latex/beamer/beamerbasefra
mecomponents.sty
\beamer@footins=\box44
)
(/home/maximilian/.local/texlive/2016/texmf-dist/tex/latex/beamer/beamerbasecol
or.sty)
(/home/maximilian/.local/texlive/2016/texmf-dist/tex/latex/beamer/beamerbasenot
es.sty
\beamer@frameboxcopy=\box45
)
(/home/maximilian/.local/texlive/2016/texmf-dist/tex/latex/beamer/beamerbasetoc
.sty)
(/home/maximilian/.local/texlive/2016/texmf-dist/tex/latex/beamer/beamerbasetem
plates.sty
\beamer@sbttoks=\toks31

(/home/maximilian/.local/texlive/2016/texmf-dist/tex/latex/beamer/beamerbaseaux
templates.sty
(/home/maximilian/.local/texlive/2016/texmf-dist/tex/latex/beamer/beamerbasebox
es.sty
\bmb@box=\box46
\bmb@colorbox=\box47
\bmb@boxshadow=\box48
\bmb@boxshadowball=\box49
\bmb@boxshadowballlarge=\box50
\bmb@temp=\dimen171
\bmb@dima=\dimen172
\bmb@dimb=\dimen173
\bmb@prevheight=\dimen174
)
\beamer@blockheadheight=\dimen175
))
(/home/maximilian/.local/texlive/2016/texmf-dist/tex/latex/beamer/beamerbaseloc
alstructure.sty
(/home/maximilian/.local/texlive/2016/texmf-dist/tex/latex/tools/enumerate.sty
Package: enumerate 2015/07/23 v3.00 enumerate extensions (DPC)
\@enLab=\toks32
)
\c@figure=\count139
\c@table=\count140
\abovecaptionskip=\skip49
\belowcaptionskip=\skip50
)
(/home/maximilian/.local/texlive/2016/texmf-dist/tex/latex/beamer/beamerbasenav
igation.sty
\beamer@section@min@dim=\dimen176
)
(/home/maximilian/.local/texlive/2016/texmf-dist/tex/latex/beamer/beamerbasethe
orems.sty
(/home/maximilian/.local/texlive/2016/texmf-dist/tex/latex/amsmath/amsmath.sty
Package: amsmath 2016/11/05 v2.16a AMS math features
\@mathmargin=\skip51

For additional information on amsmath, use the `?' option.
(/home/maximilian/.local/texlive/2016/texmf-dist/tex/latex/amsmath/amstext.sty
Package: amstext 2000/06/29 v2.01 AMS text

(/home/maximilian/.local/texlive/2016/texmf-dist/tex/latex/amsmath/amsgen.sty
File: amsgen.sty 1999/11/30 v2.0 generic functions
\@emptytoks=\toks33
\ex@=\dimen177
)) (/home/maximilian/.local/texlive/2016/texmf-dist/tex/latex/amsmath/amsbsy.st
y
Package: amsbsy 1999/11/29 v1.2d Bold Symbols
\pmbraise@=\dimen178
) (/home/maximilian/.local/texlive/2016/texmf-dist/tex/latex/amsmath/amsopn.sty
Package: amsopn 2016/03/08 v2.02 operator names
)
\inf@bad=\count141
LaTeX Info: Redefining \frac on input line 213.
\uproot@=\count142
\leftroot@=\count143
LaTeX Info: Redefining \overline on input line 375.
\classnum@=\count144
\DOTSCASE@=\count145
LaTeX Info: Redefining \ldots on input line 472.
LaTeX Info: Redefining \dots on input line 475.
LaTeX Info: Redefining \cdots on input line 596.
\Mathstrutbox@=\box51
\strutbox@=\box52
\big@size=\dimen179
LaTeX Font Info:    Redeclaring font encoding OML on input line 712.
LaTeX Font Info:    Redeclaring font encoding OMS on input line 713.
\macc@depth=\count146
\c@MaxMatrixCols=\count147
\dotsspace@=\muskip11
\c@parentequation=\count148
\dspbrk@lvl=\count149
\tag@help=\toks34
\row@=\count150
\column@=\count151
\maxfields@=\count152
\andhelp@=\toks35
\eqnshift@=\dimen180
\alignsep@=\dimen181
\tagshift@=\dimen182
\tagwidth@=\dimen183
\totwidth@=\dimen184
\lineht@=\dimen185
\@envbody=\toks36
\multlinegap=\skip52
\multlinetaggap=\skip53
\mathdisplay@stack=\toks37
LaTeX Info: Redefining \[ on input line 2817.
LaTeX Info: Redefining \] on input line 2818.
) (/home/maximilian/.local/texlive/2016/texmf-dist/tex/latex/amscls/amsthm.sty
Package: amsthm 2015/03/04 v2.20.2
\thm@style=\toks38
\thm@bodyfont=\toks39
\thm@headfont=\toks40
\thm@notefont=\toks41
\thm@headpunct=\toks42
\thm@preskip=\skip54
\thm@postskip=\skip55
\thm@headsep=\skip56
\dth@everypar=\toks43
)
\c@theorem=\count153
)
(/home/maximilian/.local/texlive/2016/texmf-dist/tex/latex/beamer/beamerbasethe
mes.sty))(load luc: /home/maximilian/.local/texlive/2016/texmf-var/luatex-cache/
generic/fonts/otl/lmsans9-regular.luc)
(/home/maximilian/.local/texlive/2016/texmf-dist/tex/latex/beamer/themes/theme/
beamerthemedefault.sty
(/home/maximilian/.local/texlive/2016/texmf-dist/tex/latex/beamer/themes/font/b
eamerfontthemedefault.sty)
(/home/maximilian/.local/texlive/2016/texmf-dist/tex/latex/beamer/themes/color/
beamercolorthemedefault.sty)
(/home/maximilian/.local/texlive/2016/texmf-dist/tex/latex/beamer/themes/inner/
beamerinnerthemedefault.sty
\beamer@dima=\dimen186
\beamer@dimb=\dimen187
)
(/home/maximilian/.local/texlive/2016/texmf-dist/tex/latex/beamer/themes/outer/
beamerouterthemedefault.sty)))
(/home/maximilian/.local/texlive/2016/texmf-dist/tex/latex/beamer/themes/font/b
eamerfontthemeserif.sty) (./beamerthemetudo.sty
(/home/maximilian/.local/texlive/2016/texmf-dist/tex/latex/tools/calc.sty
Package: calc 2014/10/28 v4.3 Infix arithmetic (KKT,FJ)
\calc@Acount=\count154
\calc@Bcount=\count155
\calc@Adimen=\dimen188
\calc@Bdimen=\dimen189
\calc@Askip=\skip57
\calc@Bskip=\skip58
LaTeX Info: Redefining \setlength on input line 80.
LaTeX Info: Redefining \addtolength on input line 81.
\calc@Ccount=\count156
\calc@Cskip=\skip59
)
Package hyperref Info: Option `colorlinks' set `true' on input line 14.

(/home/maximilian/.local/texlive/2016/texmf-dist/tex/latex/beamer/themes/font/b
eamerfontthemeprofessionalfonts.sty)
(/home/maximilian/.local/texlive/2016/texmf-dist/tex/latex/fontspec/fontspec.st
y (/home/maximilian/.local/texlive/2016/texmf-dist/tex/latex/l3kernel/expl3.sty
Package: expl3 2017/03/18 v7019 L3 programming layer (loader) 

(/home/maximilian/.local/texlive/2016/texmf-dist/tex/latex/l3kernel/expl3-code.
tex
Package: expl3 2017/03/18 v7019 L3 programming layer (code)
\ucharcat@table=\catcodetable5
\c_max_int=\count157
\l_tmpa_int=\count158
\l_tmpb_int=\count159
\g_tmpa_int=\count160
\g_tmpb_int=\count161
\g__prg_map_int=\count162
\c_log_iow=\count163
\l_iow_line_count_int=\count164
\l__iow_line_target_int=\count165
\l__iow_one_indent_int=\count166
\l__iow_indent_int=\count167
\c_zero_dim=\dimen190
\c_max_dim=\dimen191
\l_tmpa_dim=\dimen192
\l_tmpb_dim=\dimen193
\g_tmpa_dim=\dimen194
\g_tmpb_dim=\dimen195
\c_zero_skip=\skip60
\c_max_skip=\skip61
\l_tmpa_skip=\skip62
\l_tmpb_skip=\skip63
\g_tmpa_skip=\skip64
\g_tmpb_skip=\skip65
\c_zero_muskip=\muskip12
\c_max_muskip=\muskip13
\l_tmpa_muskip=\muskip14
\l_tmpb_muskip=\muskip15
\g_tmpa_muskip=\muskip16
\g_tmpb_muskip=\muskip17
\l_keys_choice_int=\count168
\c__fp_leading_shift_int=\count169
\c__fp_middle_shift_int=\count170
\c__fp_trailing_shift_int=\count171
\c__fp_big_leading_shift_int=\count172
\c__fp_big_middle_shift_int=\count173
\c__fp_big_trailing_shift_int=\count174
\c__fp_Bigg_leading_shift_int=\count175
\c__fp_Bigg_middle_shift_int=\count176
\c__fp_Bigg_trailing_shift_int=\count177
\c__fp_rand_size_int=\count178
\c__fp_rand_four_int=\count179
\c__fp_rand_eight_int=\count180
\l__sort_length_int=\count181
\l__sort_min_int=\count182
\l__sort_top_int=\count183
\l__sort_max_int=\count184
\l__sort_true_max_int=\count185
\l__sort_block_int=\count186
\l__sort_begin_int=\count187
\l__sort_end_int=\count188
\l__sort_A_int=\count189
\l__sort_B_int=\count190
\l__sort_C_int=\count191
\c_empty_box=\box53
\l_tmpa_box=\box54
\l_tmpb_box=\box55
\g_tmpa_box=\box56
\g_tmpb_box=\box57
\l__coffin_internal_box=\box58
\l__coffin_internal_dim=\dimen196
\l__coffin_offset_x_dim=\dimen197
\l__coffin_offset_y_dim=\dimen198
\l__coffin_x_dim=\dimen199
\l__coffin_y_dim=\dimen256
\l__coffin_x_prime_dim=\dimen257
\l__coffin_y_prime_dim=\dimen258
\c_empty_coffin=\box59
\l__coffin_aligned_coffin=\box60
\l__coffin_aligned_internal_coffin=\box61
\l_tmpa_coffin=\box62
\l_tmpb_coffin=\box63
\l__coffin_display_coffin=\box64
\l__coffin_display_coord_coffin=\box65
\l__coffin_display_pole_coffin=\box66
\l__coffin_display_offset_dim=\dimen259
\l__coffin_display_x_dim=\dimen260
\l__coffin_display_y_dim=\dimen261
\l__box_top_dim=\dimen262
\l__box_bottom_dim=\dimen263
\l__box_left_dim=\dimen264
\l__box_right_dim=\dimen265
\l__box_top_new_dim=\dimen266
\l__box_bottom_new_dim=\dimen267
\l__box_left_new_dim=\dimen268
\l__box_right_new_dim=\dimen269
\l__box_internal_box=\box67
\l__coffin_bounding_shift_dim=\dimen270
\l__coffin_left_corner_dim=\dimen271
\l__coffin_right_corner_dim=\dimen272
\l__coffin_bottom_corner_dim=\dimen273
\l__coffin_top_corner_dim=\dimen274
\l__coffin_scaled_total_height_dim=\dimen275
\l__coffin_scaled_width_dim=\dimen276
)
(/home/maximilian/.local/texlive/2016/texmf-dist/tex/latex/l3kernel/l3pdfmode.d
ef
File: l3pdfmode.def 2017/03/18 v7019 L3 Experimental driver: PDF mode
\l__driver_color_stack_int=\count192
\l__driver_tmp_box=\box68
))
(/home/maximilian/.local/texlive/2016/texmf-dist/tex/latex/l3packages/xparse/xp
arse.sty
Package: xparse 2017/03/18 v7019 L3 Experimental document command parser
\l__xparse_current_arg_int=\count193
\g__xparse_grabber_int=\count194
\l__xparse_m_args_int=\count195
\l__xparse_mandatory_args_int=\count196
\l__xparse_v_nesting_int=\count197
)
Package: fontspec 2017/03/31 v2.6a Font selection for XeLaTeX and LuaLaTeX
Lua module: fontspec 2017/03/31 2.6a Font selection for XeLaTeX and LuaLaTeX
(/home/maximilian/.local/texlive/2016/texmf-dist/tex/latex/fontspec/fontspec-lu
atex.sty
Package: fontspec-luatex 2017/03/31 v2.6a Font selection for XeLaTeX and LuaLaTe
X
\l__fontspec_script_int=\count198
\l__fontspec_language_int=\count199
\l__fontspec_strnum_int=\count266
\l__fontspec_tmp_int=\count267
\l__fontspec_em_int=\count268
\l__fontspec_emdef_int=\count269
\l__fontspec_strong_int=\count270
\l__fontspec_strongdef_int=\count271
\l__fontspec_tmpa_dim=\dimen277
\l__fontspec_tmpb_dim=\dimen278
\l__fontspec_tmpc_dim=\dimen279
\g__file_internal_ior=\read2

(/home/maximilian/.local/texlive/2016/texmf-dist/tex/latex/base/fontenc.sty
Package: fontenc 2017/02/22 v2.0g Standard LaTeX package

(/home/maximilian/.local/texlive/2016/texmf-dist/tex/latex/base/tuenc.def
File: tuenc.def 2017/02/22 v2.0g Standard LaTeX file
LaTeX Font Info:    Redeclaring font encoding TU on input line 82.
))
.................................................
. LaTeX info: "xparse/define-command"
. 
. Defining command \fontspec with sig. 'O{}mO{}' on line 475.
.................................................
.................................................
. LaTeX info: "xparse/define-command"
. 
. Defining command \setmainfont with sig. 'O{}mO{}' on line 486.
.................................................
.................................................
. LaTeX info: "xparse/define-command"
. 
. Defining command \setsansfont with sig. 'O{}mO{}' on line 506.
.................................................
.................................................
. LaTeX info: "xparse/define-command"
. 
. Defining command \setmonofont with sig. 'O{}mO{}' on line 526.
.................................................
.................................................
. LaTeX info: "xparse/define-command"
. 
. Defining command \setromanfont with sig. 'O{}mO{}' on line 546.
.................................................
.................................................
. LaTeX info: "xparse/define-command"
. 
. Defining command \setmathrm with sig. 'O{}mO{}' on line 550.
.................................................
.................................................
. LaTeX info: "xparse/define-command"
. 
. Defining command \setboldmathrm with sig. 'O{}mO{}' on line 558.
.................................................
.................................................
. LaTeX info: "xparse/define-command"
. 
. Defining command \setmathsf with sig. 'O{}mO{}' on line 566.
.................................................
.................................................
. LaTeX info: "xparse/define-command"
. 
. Defining command \setmathtt with sig. 'O{}mO{}' on line 574.
.................................................
.................................................
. LaTeX info: "xparse/define-command"
. 
. Defining command \newfontfamily with sig. 'mO{}mO{}' on line 589.
.................................................
.................................................
. LaTeX info: "xparse/define-command"
. 
. Defining command \newfontface with sig. 'mO{}mO{}' on line 606.
.................................................
.................................................
. LaTeX info: "xparse/define-command"
. 
. Defining command \defaultfontfeatures with sig. 't+om' on line 617.
.................................................
.................................................
. LaTeX info: "xparse/define-command"
. 
. Defining command \addfontfeatures with sig. 'm' on line 648.
.................................................
.................................................
. LaTeX info: "xparse/define-command"
. 
. Defining command \newfontfeature with sig. 'mm' on line 675.
.................................................
.................................................
. LaTeX info: "xparse/define-command"
. 
. Defining command \newAATfeature with sig. 'mmmm' on line 689.
.................................................
.................................................
. LaTeX info: "xparse/define-command"
. 
. Defining command \newopentypefeature with sig. 'mmm' on line 703.
.................................................
.................................................
. LaTeX info: "xparse/define-command"
. 
. Defining command \newICUfeature with sig. 'mmm' on line 723.
.................................................
.................................................
. LaTeX info: "xparse/define-command"
. 
. Defining command \aliasfontfeature with sig. 'mm' on line 727.
.................................................
.................................................
. LaTeX info: "xparse/define-command"
. 
. Defining command \aliasfontfeatureoption with sig. 'mmm' on line 748.
.................................................
.................................................
. LaTeX info: "xparse/define-command"
. 
. Defining command \newfontscript with sig. 'mm' on line 781.
.................................................
.................................................
. LaTeX info: "xparse/define-command"
. 
. Defining command \newfontlanguage with sig. 'mm' on line 785.
.................................................
.................................................
. LaTeX info: "xparse/define-command"
. 
. Defining command \DeclareFontsExtensions with sig. 'm' on line 789.
.................................................
.................................................
. LaTeX info: "xparse/define-command"
. 
. Defining command \IfFontFeatureActiveTF with sig. 'mmm' on line 800.
.................................................
.................................................
. LaTeX info: "xparse/define-command"
. 
. Defining command \EncodingCommand with sig. 'mO{}m' on line 3162.
.................................................
.................................................
. LaTeX info: "xparse/define-command"
. 
. Defining command \EncodingAccent with sig. 'mm' on line 3168.
.................................................
.................................................
. LaTeX info: "xparse/define-command"
. 
. Defining command \EncodingSymbol with sig. 'mm' on line 3174.
.................................................
.................................................
. LaTeX info: "xparse/define-command"
. 
. Defining command \EncodingComposite with sig. 'mmm' on line 3180.
.................................................
.................................................
. LaTeX info: "xparse/define-command"
. 
. Defining command \EncodingCompositeCommand with sig. 'mmm' on line 3186.
.................................................
.................................................
. LaTeX info: "xparse/define-command"
. 
. Defining command \DeclareUnicodeEncoding with sig. 'mm' on line 3211.
.................................................
.................................................
. LaTeX info: "xparse/define-command"
. 
. Defining command \UndeclareSymbol with sig. 'm' on line 3217.
.................................................
.................................................
. LaTeX info: "xparse/define-command"
. 
. Defining command \UndeclareComposite with sig. 'mm' on line 3225.
.................................................

(/home/maximilian/.local/texlive/2016/texmf-dist/tex/latex/fontspec/fontspec.cf
g)
LaTeX Info: Redefining \itshape on input line 3410.
LaTeX Info: Redefining \slshape on input line 3415.
LaTeX Info: Redefining \scshape on input line 3420.
LaTeX Info: Redefining \upshape on input line 3425.
LaTeX Info: Redefining \em on input line 3455.
LaTeX Info: Redefining \emph on input line 3480.
(load luc: /home/maximilian/.local/texlive/2016/texmf-var/luatex-cache/generic/f
onts/otl/lmsans10-bold.luc)
LaTeX Font Info:    Font shape `TU/lmss/m/it' in size <9> not available
(Font)              Font shape `TU/lmss/m/sl' tried instead on input line 3530.
(load luc: /home/maximilian/.local/texlive/2016/texmf-var/luatex-cache/generic/f
onts/otl/lmsans9-oblique.luc)
LaTeX Info: Redefining \- on input line 3531.
.................................................
. LaTeX info: "xparse/redefine-command"
. 
. Redefining command \oldstylenums with sig. 'm' on line 3626.
.................................................
.................................................
. LaTeX info: "xparse/define-command"
. 
. Defining command \liningnums with sig. 'm' on line 3630.
.................................................
))
luaotfload | cache : Lookup cache loaded from /home/maximilian/.local/texlive/20
16/texmf-var/luatex-cache/generic/names/luaotfload-lookup-cache.luc.(load luc: /
home/maximilian/.local/texlive/2016/texmf-var/luatex-cache/generic/fonts/otl/fir
asans-light.luc)
\g__fontspec_family_FiraSansLight_int=\count272
(load luc: /home/maximilian/.local/texlive/2016/texmf-var/luatex-cache/generic/f
onts/otl/firasans-medium.luc)(load luc: /home/maximilian/.local/texlive/2016/tex
mf-var/luatex-cache/generic/fonts/otl/firasans-lightitalic.luc)(load luc: /home/
maximilian/.local/texlive/2016/texmf-var/luatex-cache/generic/fonts/otl/firasans
-mediumitalic.luc)
.................................................
. fontspec info: "defining-font"
. 
. Font family 'FiraSansLight(0)' created for font 'FiraSans Light' with
. options [Ligatures=TeX,BoldFont=FiraSans Medium,BoldItalicFont=FiraSans
. Medium Italic,ItalicFont=FiraSans Light Italic].
.  
.  This font family consists of the following NFSS series/shapes:
.  
. - 'normal' (m/n) with NFSS spec.:
. <->"FiraSansLight:mode=node;script=latn;language=DFLT;+tlig;"
. - 'small caps'  (m/sc) with NFSS spec.:
. <->"FiraSansLight:mode=node;script=latn;language=DFLT;+tlig;+smcp;"
. - 'bold' (bx/n) with NFSS spec.:
. <->"FiraSansMedium:mode=node;script=latn;language=DFLT;+tlig;"
. - 'bold small caps'  (bx/sc) with NFSS spec.:
. <->"FiraSansMedium:mode=node;script=latn;language=DFLT;+tlig;+smcp;"
. - 'italic' (m/it) with NFSS spec.:
. <->"FiraSansLightItalic:mode=node;script=latn;language=DFLT;+tlig;"
. - 'italic small caps'  (m/itsc) with NFSS spec.:
. <->"FiraSansLightItalic:mode=node;script=latn;language=DFLT;+tlig;+smcp;"
. - 'bold italic' (bx/it) with NFSS spec.:
. <->"FiraSansMediumItalic:mode=node;script=latn;language=DFLT;+tlig;"
. - 'bold italic small caps'  (bx/itsc) with NFSS spec.:
. <->"FiraSansMediumItalic:mode=node;script=latn;language=DFLT;+tlig;+smcp;"
.................................................
LaTeX Info: Redefining \sffamily on input line 32.
\headerheight=\skip66
)
(/home/maximilian/.local/texlive/2016/texmf-dist/tex/latex/polyglossia/polyglos
sia.sty
Package: polyglossia 2015/03/25 v1.42.4 Alternative to Babel for XeLaTeX and Lua
LaTeX

(/home/maximilian/.local/texlive/2016/texmf-dist/tex/latex/makecmds/makecmds.st
y
Package: makecmds 2009/09/03 v1.0a extra command making commands
)
(/home/maximilian/.local/texlive/2016/texmf-dist/tex/latex/xkeyval/xkeyval.sty
Package: xkeyval 2014/12/03 v2.7a package option processing (HA)

(/home/maximilian/.local/texlive/2016/texmf-dist/tex/generic/xkeyval/xkeyval.te
x
(/home/maximilian/.local/texlive/2016/texmf-dist/tex/generic/xkeyval/xkvutils.t
ex
\XKV@toks=\toks44
\XKV@tempa@toks=\toks45
)
\XKV@depth=\count273
File: xkeyval.tex 2014/12/03 v2.7a key=value parser (HA)
))
(/home/maximilian/.local/texlive/2016/texmf-dist/tex/luatex/luatexbase/luatexba
se.sty
Package: luatexbase 2015/10/04 v1.3 luatexbase interface to LuaTeX 

(/home/maximilian/.local/texlive/2016/texmf-dist/tex/luatex/ctablestack/ctables
tack.sty
Package: ctablestack 2015/10/01 v1.0 Catcode table stable support
\@catcodetablestackcnt=\count274
)
\CatcodeTableOther=\catcodetable6
\CatcodeTableExpl=\catcodetable7
)
luatex-hyphen: using data file: /home/maximilian/.local/texlive/2016/texmf-var/t
ex/generic/config/language.dat.lua
Lua module: polyglossia 2013/05/11 1.3 Polyglossia)
(/home/maximilian/.local/texlive/2016/texmf-dist/tex/latex/polyglossia/gloss-ge
rman.ldf
File: gloss-german.ldf polyglossia: module for german

hyph-de-1901.pat.txt
Language german was not yet loaded; created with id 4
Language german already loaded; id is 4
hyph-de-1996.pat.txt
Language ngerman was not yet loaded; created with id 8
Language ngerman already loaded; id is 8
(/home/maximilian/.local/texlive/2016/texmf-dist/tex/latex/polyglossia/babelsh.
def
File: babelsh.def 2013/04/30 Babel common definitions for shorthands
 Taken verbatim from babel.def (2013/04/15 v3.9e)
)
Package polyglossia Info: Making " an active character on input line 79.
)
Package polyglossia Info: Default language is german.

(/home/maximilian/.local/texlive/2016/texmf-dist/tex/latex/mathtools/mathtools.
sty
Package: mathtools 2015/11/12 v1.18 mathematical typesetting tools

(/home/maximilian/.local/texlive/2016/texmf-dist/tex/latex/mathtools/mhsetup.st
y
Package: mhsetup 2010/01/21 v1.2a programming setup (MH)
)
LaTeX Info: Thecontrolsequence`\('isalreadyrobust on input line 129.
LaTeX Info: Thecontrolsequence`\)'isalreadyrobust on input line 129.
LaTeX Info: Thecontrolsequence`\['isalreadyrobust on input line 129.
LaTeX Info: Thecontrolsequence`\]'isalreadyrobust on input line 129.
\g_MT_multlinerow_int=\count275
\l_MT_multwidth_dim=\dimen280
\origjot=\skip67
\l_MT_shortvdotswithinadjustabove_dim=\dimen281
\l_MT_shortvdotswithinadjustbelow_dim=\dimen282
\l_MT_above_intertext_sep=\dimen283
\l_MT_below_intertext_sep=\dimen284
\l_MT_above_shortintertext_sep=\dimen285
\l_MT_below_shortintertext_sep=\dimen286
)
(/home/maximilian/.local/texlive/2016/texmf-dist/tex/latex/cancel/cancel.sty
Package: cancel 2013/04/12 v2.2 Cancel math terms
)
(/home/maximilian/.local/texlive/2016/texmf-dist/tex/latex/siunitx/siunitx.sty
Package: siunitx 2017/03/23 v2.7f A comprehensive (SI) units package

(/home/maximilian/.local/texlive/2016/texmf-dist/tex/latex/tools/array.sty
Package: array 2016/10/06 v2.4d Tabular extension package (FMi)
\col@sep=\dimen287
\extrarowheight=\dimen288
\NC@list=\toks46
\extratabsurround=\skip68
\backup@length=\skip69
)
(/home/maximilian/.local/texlive/2016/texmf-dist/tex/latex/l3packages/l3keys2e/
l3keys2e.sty
Package: l3keys2e 2017/03/18 v7019 LaTeX2e option processing using LaTeX3 keys
)
\l__siunitx_tmp_box=\box69
\l__siunitx_tmp_dim=\dimen289
\l__siunitx_tmp_int=\count276
\l__siunitx_number_mantissa_length_int=\count277
\l__siunitx_number_uncert_length_int=\count278
\l__siunitx_round_int=\count279
\l__siunitx_process_decimal_int=\count280
\l__siunitx_process_uncertainty_int=\count281
\l__siunitx_process_fixed_int=\count282
\l__siunitx_process_integer_min_int=\count283
\l__siunitx_process_precision_int=\count284
\l__siunitx_group_min_int=\count285
\l__siunitx_angle_marker_box=\box70
\l__siunitx_angle_unit_box=\box71
\l__siunitx_angle_marker_dim=\dimen290
\l__siunitx_angle_unit_dim=\dimen291
\l__siunitx_unit_int=\count286
\l__siunitx_unit_denominator_int=\count287
\l__siunitx_unit_numerator_int=\count288
\l__siunitx_unit_prefix_int=\count289
\l__siunitx_unit_prefix_base_int=\count290
\l__siunitx_unit_prefix_gram_int=\count291
\l__siunitx_number_product_int=\count292
\c__siunitx_one_fill_skip=\skip70
\l__siunitx_table_unit_align_skip=\skip71
\l__siunitx_table_exponent_dim=\dimen292
\l__siunitx_table_integer_dim=\dimen293
\l__siunitx_table_mantissa_dim=\dimen294
\l__siunitx_table_marker_dim=\dimen295
\l__siunitx_table_result_dim=\dimen296
\l__siunitx_table_uncert_dim=\dimen297
\l__siunitx_table_fill_pre_dim=\dimen298
\l__siunitx_table_fill_post_dim=\dimen299
\l__siunitx_table_fill_mid_dim=\dimen300
\l__siunitx_table_pre_box=\box72
\l__siunitx_table_post_box=\box73
\l__siunitx_table_mantissa_box=\box74
\l__siunitx_table_result_box=\box75
\l__siunitx_table_number_align_skip=\skip72
\l__siunitx_table_text_align_skip=\skip73
.................................................
. LaTeX info: "xparse/define-command"
. 
. Defining command \DeclareBinaryPrefix with sig. 'mmm' on line 7274.
.................................................
.................................................
. LaTeX info: "xparse/define-command"
. 
. Defining command \DeclareSIPostPower with sig. 'mm' on line 7277.
.................................................
.................................................
. LaTeX info: "xparse/define-command"
. 
. Defining command \DeclareSIPrefix with sig. 'mmm' on line 7280.
.................................................
.................................................
. LaTeX info: "xparse/define-command"
. 
. Defining command \DeclareSIPrePower with sig. 'mm' on line 7283.
.................................................
.................................................
. LaTeX info: "xparse/define-command"
. 
. Defining command \DeclareSIQualifier with sig. 'mm' on line 7286.
.................................................
.................................................
. LaTeX info: "xparse/define-command"
. 
. Defining command \DeclareSIUnit with sig. 'O{}mm' on line 7289.
.................................................
.................................................
. LaTeX info: "xparse/define-command"
. 
. Defining command \DeclareSIUnitWithOptions with sig. 'mmm' on line 7292.
.................................................
.................................................
. LaTeX info: "xparse/define-command"
. 
. Defining command \ang with sig. 'o>{\SplitArgument {2}{;}}m' on line 7307.
.................................................
.................................................
. LaTeX info: "xparse/define-command"
. 
. Defining command \num with sig. 'om' on line 7316.
.................................................
.................................................
. LaTeX info: "xparse/define-command"
. 
. Defining command \numlist with sig. 'o>{\SplitList {;}}m' on line 7325.
.................................................
.................................................
. LaTeX info: "xparse/define-command"
. 
. Defining command \numrange with sig. 'omm' on line 7334.
.................................................
.................................................
. LaTeX info: "xparse/define-command"
. 
. Defining command \SIlist with sig. 'o>{\SplitList {;}}mm' on line 7346.
.................................................
.................................................
. LaTeX info: "xparse/define-command"
. 
. Defining command \SIrange with sig. 'ommm' on line 7358.
.................................................
.................................................
. LaTeX info: "xparse/define-command"
. 
. Defining command \SI with sig. 'omom' on line 7370.
.................................................
.................................................
. LaTeX info: "xparse/define-command"
. 
. Defining command \sisetup with sig. 'm' on line 7373.
.................................................
.................................................
. LaTeX info: "xparse/define-command"
. 
. Defining command \tablenum with sig. 'om' on line 7388.
.................................................
.................................................
. LaTeX info: "xparse/define-command"
. 
. Defining command \si with sig. 'om' on line 7400.
.................................................
.................................................
. LaTeX info: "xparse/define-command"
. 
. Defining command \numInBookmark with sig. 'om' on line 7447.
.................................................
.................................................
. LaTeX info: "xparse/define-command"
. 
. Defining command \numrangeInBookmark with sig. 'omm' on line 7449.
.................................................
.................................................
. LaTeX info: "xparse/define-command"
. 
. Defining command \SIInBookmark with sig. 'omom' on line 7451.
.................................................
.................................................
. LaTeX info: "xparse/define-command"
. 
. Defining command \SIlistInBookmark with sig. 'omm' on line 7453.
.................................................
.................................................
. LaTeX info: "xparse/define-command"
. 
. Defining command \SIrangeInBookmark with sig. 'ommm' on line 7455.
.................................................
.................................................
. LaTeX info: "xparse/define-command"
. 
. Defining command \siInBookmark with sig. 'om' on line 7456.
.................................................
)
(/home/maximilian/.local/texlive/2016/texmf-dist/tex/latex/oberdiek/bookmark.st
y
Package: bookmark 2016/05/17 v1.26 PDF bookmarks (HO)

(/home/maximilian/.local/texlive/2016/texmf-dist/tex/latex/oberdiek/bkm-pdftex.
def
File: bkm-pdftex.def 2016/05/17 v1.26 bookmark driver for pdfTeX (HO)
\BKM@id=\count293
))
(/home/maximilian/.local/texlive/2016/texmf-dist/tex/latex/biblatex/biblatex.st
y
Package: biblatex 2016/12/05 v3.7 programmable bibliographies (PK/JW/AB)
 (/home/maximilian/.local/texlive/2016/texmf-dist/tex/latex/logreq/logreq.sty
Package: logreq 2010/08/04 v1.0 xml request logger
\lrq@indent=\count294

(/home/maximilian/.local/texlive/2016/texmf-dist/tex/latex/logreq/logreq.def
File: logreq.def 2010/08/04 v1.0 logreq spec v1.0
))
(/home/maximilian/.local/texlive/2016/texmf-dist/tex/latex/base/ifthen.sty
Package: ifthen 2014/09/29 v1.1c Standard LaTeX ifthen package (DPC)
)
(/home/maximilian/.local/texlive/2016/texmf-dist/tex/generic/xstring/xstring.st
y
(/home/maximilian/.local/texlive/2016/texmf-dist/tex/generic/xstring/xstring.te
x
\@xs@message=\write5
\integerpart=\count295
\decimalpart=\count296
)
Package: xstring 2013/10/13  v1.7c  String manipulations (C Tellechea)
)
\c@tabx@nest=\count297
\c@listtotal=\count298
\c@listcount=\count299
\c@liststart=\count300
\c@liststop=\count301
\c@citecount=\count302
\c@citetotal=\count303
\c@multicitecount=\count304
\c@multicitetotal=\count305
\c@instcount=\count306
\c@maxnames=\count307
\c@minnames=\count308
\c@maxitems=\count309
\c@minitems=\count310
\c@citecounter=\count311
\c@savedcitecounter=\count312
\c@uniquelist=\count313
\c@uniquename=\count314
\c@refsection=\count315
\c@refsegment=\count316
\c@maxextratitle=\count317
\c@maxextratitleyear=\count318
\c@maxextrayear=\count319
\c@maxextraalpha=\count320
\c@abbrvpenalty=\count321
\c@highnamepenalty=\count322
\c@lownamepenalty=\count323
\c@maxparens=\count324
\c@parenlevel=\count325
\blx@tempcnta=\count326
\blx@tempcntb=\count327
\blx@tempcntc=\count328
\blx@maxsection=\count329
\blx@maxsegment@0=\count330
\blx@notetype=\count331
\blx@parenlevel@text=\count332
\blx@parenlevel@foot=\count333
\blx@sectionciteorder@0=\count334
\labelnumberwidth=\skip74
\labelalphawidth=\skip75
\biblabelsep=\skip76
\bibitemsep=\skip77
\bibnamesep=\skip78
\bibinitsep=\skip79
\bibparsep=\skip80
\bibhang=\skip81
\blx@bcfin=\read3
\blx@bcfout=\write6
\c@mincomprange=\count335
\c@maxcomprange=\count336
\c@mincompwidth=\count337
Package biblatex Info: Trying to load biblatex default data model...
Package biblatex Info: ... file 'blx-dm.def' found.

(/home/maximilian/.local/texlive/2016/texmf-dist/tex/latex/biblatex/blx-dm.def)
Package biblatex Info: Trying to load biblatex custom data model...
Package biblatex Info: ... file 'biblatex-dm.cfg' not found.
\c@afterword=\count338
\c@savedafterword=\count339
\c@annotator=\count340
\c@savedannotator=\count341
\c@author=\count342
\c@savedauthor=\count343
\c@bookauthor=\count344
\c@savedbookauthor=\count345
\c@commentator=\count346
\c@savedcommentator=\count347
\c@editor=\count348
\c@savededitor=\count349
\c@editora=\count350
\c@savededitora=\count351
\c@editorb=\count352
\c@savededitorb=\count353
\c@editorc=\count354
\c@savededitorc=\count355
\c@foreword=\count356
\c@savedforeword=\count357
\c@holder=\count358
\c@savedholder=\count359
\c@introduction=\count360
\c@savedintroduction=\count361
\c@namea=\count362
\c@savednamea=\count363
\c@nameb=\count364
\c@savednameb=\count365
\c@namec=\count366
\c@savednamec=\count367
\c@translator=\count368
\c@savedtranslator=\count369
\c@shortauthor=\count370
\c@savedshortauthor=\count371
\c@shorteditor=\count372
\c@savedshorteditor=\count373
\c@labelname=\count374
\c@savedlabelname=\count375
\c@institution=\count376
\c@savedinstitution=\count377
\c@lista=\count378
\c@savedlista=\count379
\c@listb=\count380
\c@savedlistb=\count381
\c@listc=\count382
\c@savedlistc=\count383
\c@listd=\count384
\c@savedlistd=\count385
\c@liste=\count386
\c@savedliste=\count387
\c@listf=\count388
\c@savedlistf=\count389
\c@location=\count390
\c@savedlocation=\count391
\c@organization=\count392
\c@savedorganization=\count393
\c@origlocation=\count394
\c@savedoriglocation=\count395
\c@origpublisher=\count396
\c@savedorigpublisher=\count397
\c@publisher=\count398
\c@savedpublisher=\count399
\c@language=\count400
\c@savedlanguage=\count401
\c@pageref=\count402
\c@savedpageref=\count403
\shorthandwidth=\skip82
\shortjournalwidth=\skip83
\shortserieswidth=\skip84
\shorttitlewidth=\skip85
\shortauthorwidth=\skip86
\shorteditorwidth=\skip87
Package biblatex Info: Trying to load compatibility code...
Package biblatex Info: ... file 'blx-compat.def' found.

(/home/maximilian/.local/texlive/2016/texmf-dist/tex/latex/biblatex/blx-compat.
def
File: blx-compat.def 2016/12/05 v3.7 biblatex compatibility (PK/JW/AB)
)
Package biblatex Info: Trying to load generic definitions...
Package biblatex Info: ... file 'biblatex.def' found.

(/home/maximilian/.local/texlive/2016/texmf-dist/tex/latex/biblatex/biblatex.de
f
File: biblatex.def 2016/12/05 v3.7 biblatex compatibility (PK/JW/AB)
\c@textcitecount=\count404
\c@textcitetotal=\count405
\c@textcitemaxnames=\count406
\c@biburlnumpenalty=\count407
\c@biburlucpenalty=\count408
\c@biburllcpenalty=\count409
\c@smartand=\count410
)
Package biblatex Info: Trying to load bibliography style 'numeric'...
Package biblatex Info: ... file 'numeric.bbx' found.

(/home/maximilian/.local/texlive/2016/texmf-dist/tex/latex/biblatex/bbx/numeric
.bbx
File: numeric.bbx 2016/12/05 v3.7 biblatex bibliography style (PK/JW/AB)
Package biblatex Info: Trying to load bibliography style 'standard'...
Package biblatex Info: ... file 'standard.bbx' found.

(/home/maximilian/.local/texlive/2016/texmf-dist/tex/latex/biblatex/bbx/standar
d.bbx
File: standard.bbx 2016/12/05 v3.7 biblatex bibliography style (PK/JW/AB)
\c@bbx:relatedcount=\count411
\c@bbx:relatedtotal=\count412
))
Package biblatex Info: Trying to load citation style 'numeric'...
Package biblatex Info: ... file 'numeric.cbx' found.

(/home/maximilian/.local/texlive/2016/texmf-dist/tex/latex/biblatex/cbx/numeric
.cbx
File: numeric.cbx 2016/12/05 v3.7 biblatex citation style (PK/JW/AB)
Package biblatex Info: Redefining '\cite'.
Package biblatex Info: Redefining '\parencite'.
Package biblatex Info: Redefining '\footcite'.
Package biblatex Info: Redefining '\footcitetext'.
Package biblatex Info: Redefining '\smartcite'.
Package biblatex Info: Redefining '\supercite'.
Package biblatex Info: Redefining '\textcite'.
Package biblatex Info: Redefining '\textcites'.
Package biblatex Info: Redefining '\cites'.
Package biblatex Info: Redefining '\parencites'.
Package biblatex Info: Redefining '\smartcites'.
)
Package biblatex Info: Trying to load configuration file...
Package biblatex Info: ... file 'biblatex.cfg' found.

(/home/maximilian/.local/texlive/2016/texmf-dist/tex/latex/biblatex/biblatex.cf
g
File: biblatex.cfg 
))
(/home/maximilian/.local/texlive/2016/texmf-dist/tex/latex/booktabs/booktabs.st
y
Package: booktabs 2016/04/27 v1.618033 publication quality tables
\heavyrulewidth=\dimen301
\lightrulewidth=\dimen302
\cmidrulewidth=\dimen303
\belowrulesep=\dimen304
\belowbottomsep=\dimen305
\aboverulesep=\dimen306
\abovetopsep=\dimen307
\cmidrulesep=\dimen308
\cmidrulekern=\dimen309
\defaultaddspace=\dimen310
\@cmidla=\count413
\@cmidlb=\count414
\@aboverulesep=\dimen311
\@belowrulesep=\dimen312
\@thisruleclass=\count415
\@lastruleclass=\count416
\@thisrulewidth=\dimen313
)
Package biblatex Info: Trying to load language 'german'...
Package biblatex Info: ... file 'german.lbx' found.

(/home/maximilian/.local/texlive/2016/texmf-dist/tex/latex/biblatex/lbx/german.
lbx
File: german.lbx 2016/12/05 v3.7 biblatex localization (PK/JW/AB)
)

Package biblatex Warning: Patching footnotes failed.
(biblatex)                Footnote detection will not work.


Package biblatex Warning: 'babel/polyglossia' detected but 'csquotes' missing.
(biblatex)                Loading 'csquotes' recommended.

\@quotelevel=\count417
\@quotereset=\count418
(./build/example.aux
luatex-hyphen: loading patterns and exceptions for: german (\language4)
luatex-hyphen: info: no hyphenation exceptions for this language
Language ngerman already loaded; id is 8)
\openout1 = example.aux

LaTeX Font Info:    Checking defaults for OML/cmm/m/it on input line 48.
LaTeX Font Info:    ... okay on input line 48.
LaTeX Font Info:    Checking defaults for T1/cmr/m/n on input line 48.
LaTeX Font Info:    ... okay on input line 48.
LaTeX Font Info:    Checking defaults for OT1/cmr/m/n on input line 48.
LaTeX Font Info:    ... okay on input line 48.
LaTeX Font Info:    Checking defaults for OMS/cmsy/m/n on input line 48.
LaTeX Font Info:    ... okay on input line 48.
LaTeX Font Info:    Checking defaults for TU/lmr/m/n on input line 48.
LaTeX Font Info:    ... okay on input line 48.
LaTeX Font Info:    Checking defaults for OMX/cmex/m/n on input line 48.
LaTeX Font Info:    ... okay on input line 48.
LaTeX Font Info:    Checking defaults for U/cmr/m/n on input line 48.
LaTeX Font Info:    ... okay on input line 48.
LaTeX Font Info:    Checking defaults for PD1/pdf/m/n on input line 48.
LaTeX Font Info:    ... okay on input line 48.
LaTeX Font Info:    Checking defaults for PU/pdf/m/n on input line 48.
LaTeX Font Info:    ... okay on input line 48.

*geometry* driver: auto-detecting
*geometry* detected driver: pdftex
*geometry* verbose mode - [ preamble ] result:
* driver: pdftex
* paper: custom
* layout: <same size as paper>
* layoutoffset:(h,v)=(0.0pt,0.0pt)
* modes: includehead includefoot 
* h-part:(L,W,R)=(15.0pt, 425.24408pt, 15.0pt)
* v-part:(T,H,B)=(0.0pt, 284.52756pt, 0.0pt)
* \paperwidth=455.24408pt
* \paperheight=284.52756pt
* \textwidth=425.24408pt
* \textheight=256.07483pt
* \oddsidemargin=-57.26999pt
* \evensidemargin=-57.26999pt
* \topmargin=-72.26999pt
* \headheight=14.22636pt
* \headsep=0.0pt
* \topskip=9.0pt
* \footskip=14.22636pt
* \marginparwidth=4.0pt
* \marginparsep=10.0pt
* \columnsep=10.0pt
* \skip\footins=8.0pt plus 4.0pt minus 2.0pt
* \hoffset=0.0pt
* \voffset=0.0pt
* \mag=1000
* \@twocolumnfalse
* \@twosidefalse
* \@mparswitchfalse
* \@reversemarginfalse
* (1in=72.27pt=25.4mm, 1cm=28.453pt)


(/home/maximilian/.local/texlive/2016/texmf-dist/tex/context/base/mkii/supp-pdf
.mkii
[Loading MPS to PDF converter (version 2006.09.02).]
\scratchcounter=\count419
\scratchdimen=\dimen314
\scratchbox=\box76
\nofMPsegments=\count420
\nofMParguments=\count421
\everyMPshowfont=\toks47
\MPscratchCnt=\count422
\MPscratchDim=\dimen315
\MPnumerator=\count423
\makeMPintoPDFobject=\count424
\everyMPtoPDFconversion=\toks48
)
(/home/maximilian/.local/texlive/2016/texmf-dist/tex/latex/oberdiek/epstopdf-ba
se.sty
Package: epstopdf-base 2016/05/15 v2.6 Base part for package epstopdf

(/home/maximilian/.local/texlive/2016/texmf-dist/tex/latex/oberdiek/grfext.sty
Package: grfext 2016/05/16 v1.2 Manage graphics extensions (HO)
)
Package epstopdf-base Info: Redefining graphics rule for `.eps' on input line 43
8.
Package grfext Info: Graphics extension search list:
(grfext)             [.png,.pdf,.jpg,.mps,.jpeg,.jbig2,.jb2,.PNG,.PDF,.JPG,.JPEG
,.JBIG2,.JB2,.eps]
(grfext)             \AppendGraphicsExtensions on input line 456.

(/home/maximilian/.local/texlive/2016/texmf-dist/tex/latex/latexconfig/epstopdf
-sys.cfg
File: epstopdf-sys.cfg 2010/07/13 v1.3 Configuration of (r)epstopdf for TeX Live

)) ABD: EveryShipout initializing macros
\AtBeginShipoutBox=\box77
Package hyperref Info: Link coloring ON on input line 48.

(/home/maximilian/.local/texlive/2016/texmf-dist/tex/latex/hyperref/nameref.sty
Package: nameref 2016/05/21 v2.44 Cross-referencing by name of section

(/home/maximilian/.local/texlive/2016/texmf-dist/tex/generic/oberdiek/gettitles
tring.sty
Package: gettitlestring 2016/05/16 v1.5 Cleanup title references (HO)
)
\c@section@level=\count425
)
LaTeX Info: Redefining \ref on input line 48.
LaTeX Info: Redefining \pageref on input line 48.
LaTeX Info: Redefining \nameref on input line 48.

(/home/maximilian/.local/texlive/2016/texmf-dist/tex/latex/beamer/translator/di
cts/translator-basic-dictionary/translator-basic-dictionary-English.dict
Dictionary: translator-basic-dictionary, Language: English 
)
(/home/maximilian/.local/texlive/2016/texmf-dist/tex/latex/beamer/translator/di
cts/translator-bibliography-dictionary/translator-bibliography-dictionary-Engli
sh.dict
Dictionary: translator-bibliography-dictionary, Language: English 
)
(/home/maximilian/.local/texlive/2016/texmf-dist/tex/latex/beamer/translator/di
cts/translator-environment-dictionary/translator-environment-dictionary-English
.dict
Dictionary: translator-environment-dictionary, Language: English 
)
(/home/maximilian/.local/texlive/2016/texmf-dist/tex/latex/beamer/translator/di
cts/translator-months-dictionary/translator-months-dictionary-English.dict
Dictionary: translator-months-dictionary, Language: English 
)
(/home/maximilian/.local/texlive/2016/texmf-dist/tex/latex/beamer/translator/di
cts/translator-numbers-dictionary/translator-numbers-dictionary-English.dict
Dictionary: translator-numbers-dictionary, Language: English 
)
(/home/maximilian/.local/texlive/2016/texmf-dist/tex/latex/beamer/translator/di
cts/translator-theorem-dictionary/translator-theorem-dictionary-English.dict
Dictionary: translator-theorem-dictionary, Language: English 
)
LaTeX Info: Redefining \includegraphics on input line 48.
.................................................
. fontspec info: "setup-math"
. 
. Adjusting the maths setup (use [no-math] to avoid this).
.................................................
\symlegacymaths=\mathgroup6
LaTeX Font Info:    Overwriting symbol font `legacymaths' in version `bold'
(Font)                  OT1/cmr/m/n --> OT1/cmr/bx/n on input line 48.
LaTeX Font Info:    Redeclaring math accent \acute on input line 48.
LaTeX Font Info:    Redeclaring math accent \grave on input line 48.
LaTeX Font Info:    Redeclaring math accent \ddot on input line 48.
LaTeX Font Info:    Redeclaring math accent \tilde on input line 48.
LaTeX Font Info:    Redeclaring math accent \bar on input line 48.
LaTeX Font Info:    Redeclaring math accent \breve on input line 48.
LaTeX Font Info:    Redeclaring math accent \check on input line 48.
LaTeX Font Info:    Redeclaring math accent \hat on input line 48.
LaTeX Font Info:    Redeclaring math accent \dot on input line 48.
LaTeX Font Info:    Redeclaring math accent \mathring on input line 48.
LaTeX Font Info:    Redeclaring math symbol \Gamma on input line 48.
LaTeX Font Info:    Redeclaring math symbol \Delta on input line 48.
LaTeX Font Info:    Redeclaring math symbol \Theta on input line 48.
LaTeX Font Info:    Redeclaring math symbol \Lambda on input line 48.
LaTeX Font Info:    Redeclaring math symbol \Xi on input line 48.
LaTeX Font Info:    Redeclaring math symbol \Pi on input line 48.
LaTeX Font Info:    Redeclaring math symbol \Sigma on input line 48.
LaTeX Font Info:    Redeclaring math symbol \Upsilon on input line 48.
LaTeX Font Info:    Redeclaring math symbol \Phi on input line 48.
LaTeX Font Info:    Redeclaring math symbol \Psi on input line 48.
LaTeX Font Info:    Redeclaring math symbol \Omega on input line 48.
LaTeX Font Info:    Redeclaring math symbol \mathdollar on input line 48.
LaTeX Font Info:    Redeclaring symbol font `operators' on input line 48.
LaTeX Font Info:    Encoding `OT1' has changed to `TU' for symbol font
(Font)              `operators' in the math version `normal' on input line 48.
LaTeX Font Info:    Overwriting symbol font `operators' in version `normal'
(Font)                  OT1/cmr/m/n --> TU/lmr/m/n on input line 48.
LaTeX Font Info:    Encoding `OT1' has changed to `TU' for symbol font
(Font)              `operators' in the math version `bold' on input line 48.
LaTeX Font Info:    Overwriting symbol font `operators' in version `bold'
(Font)                  OT1/cmr/bx/n --> TU/lmr/m/n on input line 48.
LaTeX Font Info:    Overwriting symbol font `operators' in version `normal'
(Font)                  TU/lmr/m/n --> TU/lmr/m/n on input line 48.
LaTeX Font Info:    Overwriting math alphabet `\mathit' in version `normal'
(Font)                  OT1/cmr/m/it --> TU/lmr/m/it on input line 48.
LaTeX Font Info:    Overwriting math alphabet `\mathbf' in version `normal'
(Font)                  OT1/cmr/bx/n --> TU/lmr/bx/n on input line 48.
LaTeX Font Info:    Overwriting math alphabet `\mathsf' in version `normal'
(Font)                  OT1/cmss/m/n --> TU/FiraSansLight(0)/m/n on input line 4
8.
LaTeX Font Info:    Overwriting math alphabet `\mathtt' in version `normal'
(Font)                  OT1/cmtt/m/n --> TU/lmtt/m/n on input line 48.
LaTeX Font Info:    Overwriting symbol font `operators' in version `bold'
(Font)                  TU/lmr/m/n --> TU/lmr/bx/n on input line 48.
LaTeX Font Info:    Overwriting math alphabet `\mathit' in version `bold'
(Font)                  OT1/cmr/bx/it --> TU/lmr/bx/it on input line 48.
LaTeX Font Info:    Overwriting math alphabet `\mathsf' in version `bold'
(Font)                  OT1/cmss/bx/n --> TU/FiraSansLight(0)/bx/n on input line
 48.
LaTeX Font Info:    Overwriting math alphabet `\mathtt' in version `bold'
(Font)                  OT1/cmtt/m/n --> TU/lmtt/bx/n on input line 48.

Language ngerman already loaded; id is 8
(/home/maximilian/.local/texlive/2016/texmf-dist/tex/latex/siunitx/siunitx-abbr
eviations.cfg
File: siunitx-abbreviations.cfg 2017/03/23 v2.7f siunitx: Abbreviated units
)
Package biblatex Info: LuaTeX detected.
(biblatex)             Assuming input encoding 'utf8'.
Package biblatex Info: Automatic encoding selection.
(biblatex)             Assuming data encoding 'utf8'.

\openout6 = example.bcf
Package biblatex Info: Trying to load bibliographic data...
Package biblatex Info: ... file 'example.bbl' found.
 (./build/example.bbl)
Package biblatex Info: Reference section=0 on input line 48.
Package biblatex Info: Reference segment=0 on input line 48.
 (./build/example.nav)
<logos/tu.pdf, id=13, 355.65945pt x 62.14388pt>
File: logos/tu.pdf Graphic file (type pdf)
 <use logos/tu.pdf>
Package luatex.def Info: logos/tu.pdf used on input line 48.
(luatex.def)             Requested size: 130.2732pt x 22.76271pt.
\c__siunitx_mathsf_int=\count426
(load luc: /home/maximilian/.local/texlive/2016/texmf-var/luatex-cache/generic/f
onts/otl/lmroman6-regular.luc)(load luc: /home/maximilian/.local/texlive/2016/te
xmf-var/luatex-cache/generic/fonts/otl/lmroman5-regular.luc)
LaTeX Font Info:    Try loading font information for U+msa on input line 48.

(/home/maximilian/.local/texlive/2016/texmf-dist/tex/latex/amsfonts/umsa.fd
File: umsa.fd 2013/01/14 v3.01 AMS symbols A
)
LaTeX Font Info:    Try loading font information for U+msb on input line 48.

(/home/maximilian/.local/texlive/2016/texmf-dist/tex/latex/amsfonts/umsb.fd
File: umsb.fd 2013/01/14 v3.01 AMS symbols B
)
\c__siunitx_mathtt_int=\count427
(load luc: /home/maximilian/.local/texlive/2016/texmf-var/luatex-cache/generic/f
onts/otl/lmmono9-regular.luc)(load luc: /home/maximilian/.local/texlive/2016/tex
mf-var/luatex-cache/generic/fonts/otl/lmmono8-regular.luc)
<images/tudo-title-2.jpg, id=14, 648.5028pt x 291.9708pt>
File: images/tudo-title-2.jpg Graphic file (type jpg)

<use images/tudo-title-2.jpg>
Package luatex.def Info: images/tudo-title-2.jpg used on input line 50.
(luatex.def)             Requested size: 297.66956pt x 134.01414pt.

Overfull \vbox (16.66568pt too high) detected at line 50
 []

File: logos/tu.pdf Graphic file (type pdf)
<use logos/tu.pdf>
Package luatex.def Info: logos/tu.pdf used on input line 50.
(luatex.def)             Requested size: 130.2732pt x 22.76271pt.
 [1{/home/maximilian/.local/texlive/2016/texmf-var/fonts/map/pdftex/updmap/pdfte
x.map}

<./logos/tu.pdf><./images/tudo-title-2.jpg>]
<./images/sources-detection.jpg, id=28, 160.1985pt x 91.542pt>
File: ./images/sources-detection.jpg Graphic file (type jpg)

<use ./images/sources-detection.jpg>
Package luatex.def Info: ./images/sources-detection.jpg used on input line 59.
(luatex.def)             Requested size: 340.19655pt x 194.41034pt.
File: logos/tu.pdf Graphic file (type pdf)
 <use logos/tu.pdf>
Package luatex.def Info: logos/tu.pdf used on input line 59.
(luatex.def)             Requested size: 130.2732pt x 22.76271pt.
 [2

<./images/sources-detection.jpg>] <./images/FACT.jpg, id=39, 260.172pt x 390.25
8pt>
File: ./images/FACT.jpg Graphic file (type jpg)

<use ./images/FACT.jpg>
Package luatex.def Info: ./images/FACT.jpg used on input line 82.
(luatex.def)             Requested size: 114.34502pt x 171.5165pt.
File: logos/tu.pdf Graphic file (type pdf)
 <use logos/tu.pdf>
Package luatex.def Info: logos/tu.pdf used on input line 82.
(luatex.def)             Requested size: 130.2732pt x 22.76271pt.
 [3

<./images/FACT.jpg>]
File: ./images/FACT.jpg Graphic file (type jpg)

<use ./images/FACT.jpg>
Package luatex.def Info: ./images/FACT.jpg used on input line 82.
(luatex.def)             Requested size: 114.34502pt x 171.5165pt.

<./tikz/FACT/FACT.pdf, id=50, 191.1632pt x 114.71457pt>
File: ./tikz/FACT/FACT.pdf Graphic file (type pdf)

<use ./tikz/FACT/FACT.pdf>
Package luatex.def Info: ./tikz/FACT/FACT.pdf used on input line 82.
(luatex.def)             Requested size: 285.84566pt x 171.5165pt.
File: logos/tu.pdf Graphic file (type pdf)
 <use logos/tu.pdf>
Package luatex.def Info: logos/tu.pdf used on input line 82.
(luatex.def)             Requested size: 130.2732pt x 22.76271pt.
 [4

<./tikz/FACT/FACT.pdf>]
<./images/photon_100GeV.png, id=85, 1027.84pt x 2055.68pt>
File: ./images/photon_100GeV.png Graphic file (type png)

<use ./images/photon_100GeV.png>
Package luatex.def Info: ./images/photon_100GeV.png used on input line 110.
(luatex.def)             Requested size: 85.04752pt x 170.07246pt.

<./images/proton_100GeV.png, id=86, 1027.84pt x 2055.68pt>
File: ./images/proton_100GeV.png Graphic file (type png)

<use ./images/proton_100GeV.png>
Package luatex.def Info: ./images/proton_100GeV.png used on input line 110.
(luatex.def)             Requested size: 85.04752pt x 170.07246pt.

Overfull \hbox (10.07999pt too wide) in paragraph at lines 110--110
 []\TU/FiraSansLight(0)/m/n/9 [[][]3[][]] 
 []

File: logos/tu.pdf Graphic file (type pdf)
<use logos/tu.pdf>
Package luatex.def Info: logos/tu.pdf used on input line 110.
(luatex.def)             Requested size: 130.2732pt x 22.76271pt.
 [5

<./images/photon_100GeV.png><./images/proton_100GeV.png>]
<./images/Gamma.pdf, id=103, 484.209pt x 484.209pt>
File: ./images/Gamma.pdf Graphic file (type pdf)
 <use ./images/Gamma.pdf>
Package luatex.def Info: ./images/Gamma.pdf used on input line 126.
(luatex.def)             Requested size: 171.5149pt x 171.5165pt.

<./images/Hadron.pdf, id=104, 479.15009pt x 479.15009pt>
File: ./images/Hadron.pdf Graphic file (type pdf)

<use ./images/Hadron.pdf>
Package luatex.def Info: ./images/Hadron.pdf used on input line 126.
(luatex.def)             Requested size: 171.51419pt x 171.5165pt.
File: logos/tu.pdf Graphic file (type pdf)
 <use logos/tu.pdf>
Package luatex.def Info: logos/tu.pdf used on input line 126.
(luatex.def)             Requested size: 130.2732pt x 22.76271pt.
 [6

<./images/Gamma.pdf><./images/Hadron.pdf>] <./tikz/Camera/Camera.pdf, id=127, 5
71.05545pt x 571.05545pt>
File: ./tikz/Camera/Camera.pdf Graphic file (type pdf)

<use ./tikz/Camera/Camera.pdf>
Package luatex.def Info: ./tikz/Camera/Camera.pdf used on input line 143.
(luatex.def)             Requested size: 171.51836pt x 171.5165pt.
File: logos/tu.pdf Graphic file (type pdf)
 <use logos/tu.pdf>
Package luatex.def Info: logos/tu.pdf used on input line 143.
(luatex.def)             Requested size: 130.2732pt x 22.76271pt.
 [7

<./tikz/Camera/Camera.pdf>] <./tikz/Wobble/Wobble.pdf, id=152, 571.05545pt x 58
4.80482pt>
File: ./tikz/Wobble/Wobble.pdf Graphic file (type pdf)

<use ./tikz/Wobble/Wobble.pdf>
Package luatex.def Info: ./tikz/Wobble/Wobble.pdf used on input line 158.
(luatex.def)             Requested size: 167.48396pt x 171.5165pt.
File: logos/tu.pdf Graphic file (type pdf)
 <use logos/tu.pdf>
Package luatex.def Info: logos/tu.pdf used on input line 158.
(luatex.def)             Requested size: 130.2732pt x 22.76271pt.
 [8

<./tikz/Wobble/Wobble.pdf>] <./tikz/Target/Target.pdf, id=181, 225.01866pt x 70
.68608pt>
File: ./tikz/Target/Target.pdf Graphic file (type pdf)

<use ./tikz/Target/Target.pdf>
Package luatex.def Info: ./tikz/Target/Target.pdf used on input line 178.
(luatex.def)             Requested size: 157.51198pt x 49.47989pt.
File: logos/tu.pdf Graphic file (type pdf)
 <use logos/tu.pdf>
Package luatex.def Info: logos/tu.pdf used on input line 178.
(luatex.def)             Requested size: 130.2732pt x 22.76271pt.
 [9

<./tikz/Target/Target.pdf>]
File: ./tikz/Target/Target.pdf Graphic file (type pdf)
<use ./tikz/Target/Target.pdf>
Package luatex.def Info: ./tikz/Target/Target.pdf used on input line 178.
(luatex.def)             Requested size: 157.51198pt x 49.47989pt.

<./tikz/Supervised/Supervised.pdf, id=201, 326.76176pt x 107.23663pt>
File: ./tikz/Supervised/Supervised.pdf Graphic file (type pdf)

<use ./tikz/Supervised/Supervised.pdf>
Package luatex.def Info: ./tikz/Supervised/Supervised.pdf used on input line 178
.
(luatex.def)             Requested size: 228.73166pt x 75.06511pt.
File: logos/tu.pdf Graphic file (type pdf)
 <use logos/tu.pdf>
Package luatex.def Info: logos/tu.pdf used on input line 178.
(luatex.def)             Requested size: 130.2732pt x 22.76271pt.
 [10

<./tikz/Supervised/Supervised.pdf>]
File: ./tikz/Target/Target.pdf Graphic file (type pdf)
 <use ./tikz/Target/Target.pdf>
Package luatex.def Info: ./tikz/Target/Target.pdf used on input line 178.
(luatex.def)             Requested size: 157.51198pt x 49.47989pt.

<./tikz/Supervised/Supervised2.pdf, id=221, 326.76176pt x 107.23663pt>
File: ./tikz/Supervised/Supervised2.pdf Graphic file (type pdf)

<use ./tikz/Supervised/Supervised2.pdf>
Package luatex.def Info: ./tikz/Supervised/Supervised2.pdf used on input line 17
8.
(luatex.def)             Requested size: 228.73166pt x 75.06511pt.
File: logos/tu.pdf Graphic file (type pdf)
 <use logos/tu.pdf>
Package luatex.def Info: logos/tu.pdf used on input line 178.
(luatex.def)             Requested size: 130.2732pt x 22.76271pt.
 [11

<./tikz/Supervised/Supervised2.pdf>]
<./tikz/TrainingData/TrainingData1.pdf, id=242, 244.2485pt x 104.82965pt>
File: ./tikz/TrainingData/TrainingData1.pdf Graphic file (type pdf)

<use ./tikz/TrainingData/TrainingData1.pdf>
Package luatex.def Info: ./tikz/TrainingData/TrainingData1.pdf used on input lin
e 194.
(luatex.def)             Requested size: 244.24791pt x 104.82938pt.
File: logos/tu.pdf Graphic file (type pdf)
 <use logos/tu.pdf>
Package luatex.def Info: logos/tu.pdf used on input line 194.
(luatex.def)             Requested size: 130.2732pt x 22.76271pt.
 [12

<./tikz/TrainingData/TrainingData1.pdf>]
<./tikz/TrainingData/TrainingData.pdf, id=262, 244.2485pt x 104.82965pt>
File: ./tikz/TrainingData/TrainingData.pdf Graphic file (type pdf)

<use ./tikz/TrainingData/TrainingData.pdf>
Package luatex.def Info: ./tikz/TrainingData/TrainingData.pdf used on input line
 194.
(luatex.def)             Requested size: 244.24791pt x 104.82938pt.
File: logos/tu.pdf Graphic file (type pdf)
 <use logos/tu.pdf>
Package luatex.def Info: logos/tu.pdf used on input line 194.
(luatex.def)             Requested size: 130.2732pt x 22.76271pt.
 [13

<./tikz/TrainingData/TrainingData.pdf>]
File: ./tikz/TrainingData/TrainingData.pdf Graphic file (type pdf)
 <use ./tikz/TrainingData/TrainingData.pdf>
Package luatex.def Info: ./tikz/TrainingData/TrainingData.pdf used on input line
 194.
(luatex.def)             Requested size: 244.24791pt x 104.82938pt.
File: logos/tu.pdf Graphic file (type pdf)

<use logos/tu.pdf>
Package luatex.def Info: logos/tu.pdf used on input line 194.
(luatex.def)             Requested size: 130.2732pt x 22.76271pt.
 [14

]
File: ./tikz/TrainingData/TrainingData.pdf Graphic file (type pdf)
 <use ./tikz/TrainingData/TrainingData.pdf>
Package luatex.def Info: ./tikz/TrainingData/TrainingData.pdf used on input line
 194.
(luatex.def)             Requested size: 244.24791pt x 104.82938pt.
File: logos/tu.pdf Graphic file (type pdf)

<use logos/tu.pdf>
Package luatex.def Info: logos/tu.pdf used on input line 194.
(luatex.def)             Requested size: 130.2732pt x 22.76271pt.
 [15

]
<./tikz/Tree/Tree.pdf, id=296, 183.78664pt x 148.11838pt>
File: ./tikz/Tree/Tree.pdf Graphic file (type pdf)

<use ./tikz/Tree/Tree.pdf>
Package luatex.def Info: ./tikz/Tree/Tree.pdf used on input line 225.
(luatex.def)             Requested size: 170.09503pt x 137.08644pt.
File: logos/tu.pdf Graphic file (type pdf)
 <use logos/tu.pdf>
Package luatex.def Info: logos/tu.pdf used on input line 225.
(luatex.def)             Requested size: 130.2732pt x 22.76271pt.
 [16

<./tikz/Tree/Tree.pdf>]
File: ./tikz/Tree/Tree.pdf Graphic file (type pdf)

<use ./tikz/Tree/Tree.pdf>
Package luatex.def Info: ./tikz/Tree/Tree.pdf used on input line 240.
(luatex.def)             Requested size: 183.78618pt x 148.118pt.

<./tikz/RandomForest/RandomForest.pdf, id=330, 190.14035pt x 189.1647pt>
File: ./tikz/RandomForest/RandomForest.pdf Graphic file (type pdf)

<use ./tikz/RandomForest/RandomForest.pdf>
Package luatex.def Info: ./tikz/RandomForest/RandomForest.pdf used on input line
 240.
(luatex.def)             Requested size: 190.13988pt x 189.16423pt.
File: logos/tu.pdf Graphic file (type pdf)
 <use logos/tu.pdf>
Package luatex.def Info: logos/tu.pdf used on input line 240.
(luatex.def)             Requested size: 130.2732pt x 22.76271pt.
 [17

<./tikz/RandomForest/RandomForest.pdf>]
File: logos/tu.pdf Graphic file (type pdf)
 <use logos/tu.pdf>
Package luatex.def Info: logos/tu.pdf used on input line 275.
(luatex.def)             Requested size: 130.2732pt x 22.76271pt.
 [18

]
<./tikz/BoostedTree/BoostedTree1.pdf, id=476, 173.11676pt x 173.11676pt>
File: ./tikz/BoostedTree/BoostedTree1.pdf Graphic file (type pdf)

<use ./tikz/BoostedTree/BoostedTree1.pdf>
Package luatex.def Info: ./tikz/BoostedTree/BoostedTree1.pdf used on input line 
293.
(luatex.def)             Requested size: 170.09503pt x 170.09969pt.
File: logos/tu.pdf Graphic file (type pdf)
 <use logos/tu.pdf>
Package luatex.def Info: logos/tu.pdf used on input line 293.
(luatex.def)             Requested size: 130.2732pt x 22.76271pt.
 [19

<./tikz/BoostedTree/BoostedTree1.pdf>]
<./tikz/BoostedTree/BoostedTree2.pdf, id=496, 173.11676pt x 173.11676pt>
File: ./tikz/BoostedTree/BoostedTree2.pdf Graphic file (type pdf)

<use ./tikz/BoostedTree/BoostedTree2.pdf>
Package luatex.def Info: ./tikz/BoostedTree/BoostedTree2.pdf used on input line 
293.
(luatex.def)             Requested size: 170.09503pt x 170.09969pt.
File: logos/tu.pdf Graphic file (type pdf)
 <use logos/tu.pdf>
Package luatex.def Info: logos/tu.pdf used on input line 293.
(luatex.def)             Requested size: 130.2732pt x 22.76271pt.
 [20

<./tikz/BoostedTree/BoostedTree2.pdf>]
<./tikz/BoostedTree/BoostedTree3.pdf, id=516, 173.11676pt x 173.11676pt>
File: ./tikz/BoostedTree/BoostedTree3.pdf Graphic file (type pdf)

<use ./tikz/BoostedTree/BoostedTree3.pdf>
Package luatex.def Info: ./tikz/BoostedTree/BoostedTree3.pdf used on input line 
293.
(luatex.def)             Requested size: 170.09503pt x 170.09969pt.
File: logos/tu.pdf Graphic file (type pdf)
 <use logos/tu.pdf>
Package luatex.def Info: logos/tu.pdf used on input line 293.
(luatex.def)             Requested size: 130.2732pt x 22.76271pt.
 [21

<./tikz/BoostedTree/BoostedTree3.pdf>]
<./tikz/BoostedTree/BoostedTree.pdf, id=537, 173.11676pt x 173.11676pt>
File: ./tikz/BoostedTree/BoostedTree.pdf Graphic file (type pdf)

<use ./tikz/BoostedTree/BoostedTree.pdf>
Package luatex.def Info: ./tikz/BoostedTree/BoostedTree.pdf used on input line 2
93.
(luatex.def)             Requested size: 170.09503pt x 170.09969pt.
File: logos/tu.pdf Graphic file (type pdf)
 <use logos/tu.pdf>
Package luatex.def Info: logos/tu.pdf used on input line 293.
(luatex.def)             Requested size: 130.2732pt x 22.76271pt.
 [22

<./tikz/BoostedTree/BoostedTree.pdf>]
<./tikz/Motiv/Motiv.pdf, id=557, 388.6219pt x 138.97319pt>
File: ./tikz/Motiv/Motiv.pdf Graphic file (type pdf)

<use ./tikz/Motiv/Motiv.pdf>
Package luatex.def Info: ./tikz/Motiv/Motiv.pdf used on input line 301.
(luatex.def)             Requested size: 425.24408pt x 152.08pt.
File: logos/tu.pdf Graphic file (type pdf)
 <use logos/tu.pdf>
Package luatex.def Info: logos/tu.pdf used on input line 301.
(luatex.def)             Requested size: 130.2732pt x 22.76271pt.
 [23

<./tikz/Motiv/Motiv.pdf>]
<./Plots/roc_info.pdf, id=583, 211.75009pt x 175.6151pt>
File: ./Plots/roc_info.pdf Graphic file (type pdf)

<use ./Plots/roc_info.pdf>
Package luatex.def Info: ./Plots/roc_info.pdf used on input line 320.
(luatex.def)             Requested size: 212.62204pt x 176.34888pt.
File: logos/tu.pdf Graphic file (type pdf)
 <use logos/tu.pdf>
Package luatex.def Info: logos/tu.pdf used on input line 320.
(luatex.def)             Requested size: 130.2732pt x 22.76271pt.
 [24

<./Plots/roc_info.pdf>]
<./Plots/theta_cut.pdf, id=625, 211.75009pt x 211.75009pt>
File: ./Plots/theta_cut.pdf Graphic file (type pdf)

<use ./Plots/theta_cut.pdf>
Package luatex.def Info: ./Plots/theta_cut.pdf used on input line 320.
(luatex.def)             Requested size: 192.96751pt x 192.95401pt.

Overfull \vbox (3.9392pt too high) detected at line 320
 []

File: logos/tu.pdf Graphic file (type pdf)
<use logos/tu.pdf>
Package luatex.def Info: logos/tu.pdf used on input line 320.
(luatex.def)             Requested size: 130.2732pt x 22.76271pt.
 [25

<./Plots/theta_cut.pdf>]
<./Plots/corr_sig_theta2.pdf, id=666, 211.75009pt x 175.6151pt>
File: ./Plots/corr_sig_theta2.pdf Graphic file (type pdf)

<use ./Plots/corr_sig_theta2.pdf>
Package luatex.def Info: ./Plots/corr_sig_theta2.pdf used on input line 337.
(luatex.def)             Requested size: 212.62204pt x 176.34888pt.

Overfull \vbox (11.07906pt too high) detected at line 337
 []

File: logos/tu.pdf Graphic file (type pdf)
<use logos/tu.pdf>
Package luatex.def Info: logos/tu.pdf used on input line 337.
(luatex.def)             Requested size: 130.2732pt x 22.76271pt.
 [26

<./Plots/corr_sig_theta2.pdf>]
<./Plots/parameter_crab.pdf, id=700, 245.02057pt x 181.76497pt>
File: ./Plots/parameter_crab.pdf Graphic file (type pdf)

<use ./Plots/parameter_crab.pdf>
Package luatex.def Info: ./Plots/parameter_crab.pdf used on input line 387.
(luatex.def)             Requested size: 196.01671pt x 145.41216pt.

<./Plots/parameter_monte.pdf, id=701, 245.02057pt x 181.76497pt>
File: ./Plots/parameter_monte.pdf Graphic file (type pdf)

<use ./Plots/parameter_monte.pdf>
Package luatex.def Info: ./Plots/parameter_monte.pdf used on input line 387.
(luatex.def)             Requested size: 196.01671pt x 145.41216pt.
File: logos/tu.pdf Graphic file (type pdf)
 <use logos/tu.pdf>
Package luatex.def Info: logos/tu.pdf used on input line 387.
(luatex.def)             Requested size: 130.2732pt x 22.76271pt.
 [27

<./Plots/parameter_crab.pdf><./Plots/parameter_monte.pdf>]
File: ./Plots/parameter_crab.pdf Graphic file (type pdf)
 <use ./Plots/parameter_crab.pdf>
Package luatex.def Info: ./Plots/parameter_crab.pdf used on input line 387.
(luatex.def)             Requested size: 147.01346pt x 109.05981pt.
File: ./Plots/parameter_monte.pdf Graphic file (type pdf)

<use ./Plots/parameter_monte.pdf>
Package luatex.def Info: ./Plots/parameter_monte.pdf used on input line 387.
(luatex.def)             Requested size: 147.01346pt x 109.05981pt.
File: logos/tu.pdf Graphic file (type pdf)
 <use logos/tu.pdf>
Package luatex.def Info: logos/tu.pdf used on input line 387.
(luatex.def)             Requested size: 130.2732pt x 22.76271pt.
 [28

]
File: logos/tu.pdf Graphic file (type pdf)
 <use logos/tu.pdf>
Package luatex.def Info: logos/tu.pdf used on input line 397.
(luatex.def)             Requested size: 130.2732pt x 22.76271pt.

[29

] <./tikz/Conf/Conf1.pdf, id=826, 490.3168pt x 89.91893pt>
File: ./tikz/Conf/Conf1.pdf Graphic file (type pdf)

<use ./tikz/Conf/Conf1.pdf>
Package luatex.def Info: ./tikz/Conf/Conf1.pdf used on input line 411.
(luatex.def)             Requested size: 245.15779pt x 44.95934pt.

<./Plots/on_off_ratio.pdf, id=827, 247.8851pt x 175.6151pt>
File: ./Plots/on_off_ratio.pdf Graphic file (type pdf)

<use ./Plots/on_off_ratio.pdf>
Package luatex.def Info: ./Plots/on_off_ratio.pdf used on input line 411.
(luatex.def)             Requested size: 211.84183pt x 150.0757pt.

Overfull \vbox (11.94998pt too high) detected at line 411
 []

File: logos/tu.pdf Graphic file (type pdf)
<use logos/tu.pdf>
Package luatex.def Info: logos/tu.pdf used on input line 411.
(luatex.def)             Requested size: 130.2732pt x 22.76271pt.
 [30

<./tikz/Conf/Conf1.pdf><./Plots/on_off_ratio.pdf>]
<./tikz/Conf/Conf2.pdf, id=884, 490.3168pt x 89.91893pt>
File: ./tikz/Conf/Conf2.pdf Graphic file (type pdf)

<use ./tikz/Conf/Conf2.pdf>
Package luatex.def Info: ./tikz/Conf/Conf2.pdf used on input line 438.
(luatex.def)             Requested size: 245.15779pt x 44.95934pt.

Overfull \vbox (12.94997pt too high) detected at line 438
 []

File: logos/tu.pdf Graphic file (type pdf)
<use logos/tu.pdf>
Package luatex.def Info: logos/tu.pdf used on input line 438.
(luatex.def)             Requested size: 130.2732pt x 22.76271pt.
 [31

<./tikz/Conf/Conf2.pdf>]
<./tikz/Conf/Conf3.pdf, id=909, 490.3168pt x 89.91893pt>
File: ./tikz/Conf/Conf3.pdf Graphic file (type pdf)

<use ./tikz/Conf/Conf3.pdf>
Package luatex.def Info: ./tikz/Conf/Conf3.pdf used on input line 452.
(luatex.def)             Requested size: 245.15779pt x 44.95934pt.
 <Plots/conf.pdf, id=910, 247.8851pt x 175.6151pt>
File: Plots/conf.pdf Graphic file (type pdf)

<use Plots/conf.pdf>
Package luatex.def Info: Plots/conf.pdf used on input line 452.
(luatex.def)             Requested size: 211.84183pt x 150.0757pt.

Overfull \vbox (11.94998pt too high) detected at line 452
 []

File: logos/tu.pdf Graphic file (type pdf)
<use logos/tu.pdf>
Package luatex.def Info: logos/tu.pdf used on input line 452.
(luatex.def)             Requested size: 130.2732pt x 22.76271pt.
 [32

<./tikz/Conf/Conf3.pdf><./Plots/conf.pdf>]
<./tikz/Conf/Conf4.pdf, id=961, 490.3168pt x 89.91893pt>
File: ./tikz/Conf/Conf4.pdf Graphic file (type pdf)

<use ./tikz/Conf/Conf4.pdf>
Package luatex.def Info: ./tikz/Conf/Conf4.pdf used on input line 466.
(luatex.def)             Requested size: 245.15779pt x 44.95934pt.

<./Plots/maxSignificance.pdf, id=962, 247.8851pt x 175.6151pt>
File: ./Plots/maxSignificance.pdf Graphic file (type pdf)

<use ./Plots/maxSignificance.pdf>
Package luatex.def Info: ./Plots/maxSignificance.pdf used on input line 466.
(luatex.def)             Requested size: 211.84183pt x 150.0757pt.

Overfull \vbox (11.94998pt too high) detected at line 466
 []

File: logos/tu.pdf Graphic file (type pdf)
<use logos/tu.pdf>
Package luatex.def Info: logos/tu.pdf used on input line 466.
(luatex.def)             Requested size: 130.2732pt x 22.76271pt.
 [33

<./tikz/Conf/Conf4.pdf><./Plots/maxSignificance.pdf>]
File: ./tikz/Conf/Conf4.pdf Graphic file (type pdf)

<use ./tikz/Conf/Conf4.pdf>
Package luatex.def Info: ./tikz/Conf/Conf4.pdf used on input line 489.
(luatex.def)             Requested size: 245.15779pt x 44.95934pt.

Overfull \vbox (11.94998pt too high) detected at line 489
 []

File: logos/tu.pdf Graphic file (type pdf)
<use logos/tu.pdf>
Package luatex.def Info: logos/tu.pdf used on input line 489.
(luatex.def)             Requested size: 130.2732pt x 22.76271pt.
 [34

]
File: logos/tu.pdf Graphic file (type pdf)
 <use logos/tu.pdf>
Package luatex.def Info: logos/tu.pdf used on input line 504.
(luatex.def)             Requested size: 130.2732pt x 22.76271pt.
 [35

]
File: logos/tu.pdf Graphic file (type pdf)
 <use logos/tu.pdf>
Package luatex.def Info: logos/tu.pdf used on input line 504.
(luatex.def)             Requested size: 130.2732pt x 22.76271pt.
 [36

]
<./Plots/sig_mess_tree.pdf, id=1027, 185.23404pt x 142.80553pt>
File: ./Plots/sig_mess_tree.pdf Graphic file (type pdf)

<use ./Plots/sig_mess_tree.pdf>
Package luatex.def Info: ./Plots/sig_mess_tree.pdf used on input line 525.
(luatex.def)             Requested size: 170.09827pt x 131.14514pt.

<./Plots/sig_mess_xgbc.pdf, id=1028, 185.23404pt x 142.80553pt>
File: ./Plots/sig_mess_xgbc.pdf Graphic file (type pdf)

<use ./Plots/sig_mess_xgbc.pdf>
Package luatex.def Info: ./Plots/sig_mess_xgbc.pdf used on input line 525.
(luatex.def)             Requested size: 170.09827pt x 131.14514pt.
File: logos/tu.pdf Graphic file (type pdf)
 <use logos/tu.pdf>
Package luatex.def Info: logos/tu.pdf used on input line 525.
(luatex.def)             Requested size: 130.2732pt x 22.76271pt.
 [37

<./Plots/sig_mess_tree.pdf><./Plots/sig_mess_xgbc.pdf>]
<./Plots/feature_elemination.pdf, id=1089, 356.29012pt x 269.5671pt>
File: ./Plots/feature_elemination.pdf Graphic file (type pdf)

<use ./Plots/feature_elemination.pdf>
Package luatex.def Info: ./Plots/feature_elemination.pdf used on input line 532.

(luatex.def)             Requested size: 255.02818pt x 192.95401pt.

Overfull \vbox (0.9092pt too high) detected at line 532
 []

File: logos/tu.pdf Graphic file (type pdf)
<use logos/tu.pdf>
Package luatex.def Info: logos/tu.pdf used on input line 532.
(luatex.def)             Requested size: 130.2732pt x 22.76271pt.
 [38

<./Plots/feature_elemination.pdf>]
File: logos/tu.pdf Graphic file (type pdf)
 <use logos/tu.pdf>
Package luatex.def Info: logos/tu.pdf used on input line 552.
(luatex.def)             Requested size: 130.2732pt x 22.76271pt.

[39

]
File: logos/tu.pdf Graphic file (type pdf)
 <use logos/tu.pdf>
Package luatex.def Info: logos/tu.pdf used on input line 562.
(luatex.def)             Requested size: 130.2732pt x 22.76271pt.
 [40

]
File: logos/tu.pdf Graphic file (type pdf)
 <use logos/tu.pdf>
Package luatex.def Info: logos/tu.pdf used on input line 562.
(luatex.def)             Requested size: 130.2732pt x 22.76271pt.
 [41

]
File: logos/tu.pdf Graphic file (type pdf)
 <use logos/tu.pdf>
Package luatex.def Info: logos/tu.pdf used on input line 562.
(luatex.def)             Requested size: 130.2732pt x 22.76271pt.

[42

]
File: logos/tu.pdf Graphic file (type pdf)
 <use logos/tu.pdf>
Package luatex.def Info: logos/tu.pdf used on input line 562.
(luatex.def)             Requested size: 130.2732pt x 22.76271pt.
 [43

]
File: logos/tu.pdf Graphic file (type pdf)
 <use logos/tu.pdf>
Package luatex.def Info: logos/tu.pdf used on input line 567.
(luatex.def)             Requested size: 130.2732pt x 22.76271pt.
 [44

</home/maximilian/.local/texlive/2016/texmf-dist/tex/latex/beamer/art/beamericon
article.pdf>]
File: logos/tu.pdf Graphic file (type pdf)

<use logos/tu.pdf>
Package luatex.def Info: logos/tu.pdf used on input line 573.
(luatex.def)             Requested size: 130.2732pt x 22.76271pt.
 [45

]
\tf@nav=\write7

\openout7 = example.nav
\tf@toc=\write8

\openout8 = example.toc
\tf@snm=\write9

\openout9 = example.snm
Package atveryend Info: Empty hook `BeforeClearDocument' on input line 574.
Package atveryend Info: Empty hook `AfterLastShipout' on input line 574.
 (./build/example.aux
Language ngerman already loaded; id is 8)
Package atveryend Info: Executing hook `AtVeryEndDocument' on input line 574.
Package atveryend Info: Empty hook `AtEndAfterFileList' on input line 574.
Package logreq Info: Writing requests to 'example.run.xml'.

\openout1 = example.run.xml
)

Here is how much of LuaTeX's memory you used:
 40182 strings out of 494577
 100000,1373583 words of node,token memory allocated
 14247 words of node memory still in use:
   29 hlist, 8 vlist, 5 rule, 12 disc, 5 local_par, 1467 glue, 20 kern, 13 penal
ty, 61 glyph, 632 attribute, 58 glue_spec, 632 attribute_list, 3 write, 1 pdf_ac
tion, 8 pdf_colorstack, 1 pdf_setmatrix, 1 pdf_save, 1 pdf_restore nodes
   avail lists: 1:3,2:513,3:254,4:141,5:195,6:845,7:407,8:108,9:412,10:19,11:146

 42351 multiletter control sequences out of 65536+600000
 63 fonts using 12417287 bytes
 56i,19n,80p,772b,3015s stack positions out of 5000i,500n,10000p,200000b,100000s
</home/maximilian/.local/texlive/2016/texmf-dist/fonts/opentype/public/fira/Fira
Sans-LightItalic.otf></home/maximilian/.local/texlive/2016/texmf-dist/fonts/open
type/public/lm/lmroman9-regular.otf></home/maximilian/.local/texlive/2016/texmf-
dist/fonts/opentype/public/lm/lmmono9-regular.otf></home/maximilian/.local/texli
ve/2016/texmf-dist/fonts/opentype/public/fira/FiraSans-Medium.otf></home/maximil
ian/.local/texlive/2016/texmf-dist/fonts/opentype/public/fira/FiraSans-Light.otf
></home/maximilian/.local/texlive/2016/texmf-dist/fonts/type1/public/amsfonts/cm
extra/cmex9.pfb></home/maximilian/.local/texlive/2016/texmf-dist/fonts/type1/pub
lic/amsfonts/cm/cmmi6.pfb></home/maximilian/.local/texlive/2016/texmf-dist/fonts
/type1/public/amsfonts/cm/cmmi9.pfb></home/maximilian/.local/texlive/2016/texmf-
dist/fonts/type1/public/amsfonts/cm/cmr6.pfb></home/maximilian/.local/texlive/20
16/texmf-dist/fonts/type1/public/amsfonts/cm/cmr9.pfb></home/maximilian/.local/t
exlive/2016/texmf-dist/fonts/type1/public/amsfonts/cm/cmsy5.pfb></home/maximilia
n/.local/texlive/2016/texmf-dist/fonts/type1/public/amsfonts/cm/cmsy6.pfb></home
/maximilian/.local/texlive/2016/texmf-dist/fonts/type1/public/amsfonts/cm/cmsy9.
pfb>
Output written on example.pdf (45 pages, 4399311 bytes).

PDF statistics: 1286 PDF objects out of 1440 (max. 8388607)
 885 compressed objects within 9 object streams
 104 named destinations out of 1000 (max. 131072)
 80 words of extra memory for PDF output out of 10000 (max. 10000000)

