This is LuaTeX, Version 0.95.0 (TeX Live 2016)  (format=lualatex 2017.4.10)  26 SEP 2017 12:01
 restricted system commands enabled.
**Tree.
(/home/maximilian/.local/texlive/2016/texmf-dist/tex/latex/tools/q.tex
LaTeX2e <2017/01/01> patch level 3
Lua module: luaotfload-main 2017/01/29 2.80001 OpenType layout system.
Lua module: lualibs 2017-02-01 2.5 ConTeXt Lua standard libraries.
Lua module: lualibs-extended 2017-02-01 2.5 ConTeXt Lua libraries -- extended co
llection.(using write cache: /home/maximilian/.local/texlive/2016/texmf-var/luat
ex-cache/generic)(using read cache: /home/maximilian/.local/texlive/2016/texmf-v
ar/luatex-cache/generic /home/maximilian/.texlive2016/texmf-var/luatex-cache/gen
eric)
luaotfload | conf : Root cache directory is /home/maximilian/.local/texlive/2016
/texmf-var/luatex-cache/generic/names.
luaotfload | init : Loading fontloader “fontloader-2017-02-11.lua” from kpse
-resolved path “/home/maximilian/.local/texlive/2016/texmf-dist/tex/luatex/lua
otfload/fontloader-2017-02-11.lua”.
Lua-only attribute luaotfload@state = 1
Lua-only attribute luaotfload@noligature = 2
Lua-only attribute luaotfload@syllabe = 3
luaotfload | init : Context OpenType loader version “3.027”
Inserting `luaotfload.node_processor' at position 1 in `pre_linebreak_filter'.
Inserting `luaotfload.node_processor' at position 1 in `hpack_filter'.
Inserting `luaotfload.define_font' at position 1 in `define_font'.
Lua-only attribute luaotfload_color_attribute = 4
luaotfload | conf : Root cache directory is /home/maximilian/.local/texlive/2016
/texmf-var/luatex-cache/generic/names.
Inserting `luaotfload.aux.set_sscale_dimens' at position 1 in `luaotfload.patch_
font'.
Inserting `luaotfload.aux.patch_cambria_domh' at position 2 in `luaotfload.patch
_font'.
Inserting `luaotfload.aux.fixup_fontdata' at position 1 in `luaotfload.patch_fon
t_unsafe'.
Inserting `luaotfload.aux.set_capheight' at position 3 in `luaotfload.patch_font
'.
Inserting `luaotfload.rewrite_fontname' at position 4 in `luaotfload.patch_font'
.
luaotfload | main : initialization completed in 0.102 seconds
Babel <3.9r> and hyphenation patterns for 1 language(s) loaded.
File ignored
)
! Emergency stop.
<*> Tree.
      
*** (job aborted, no legal \end found)



Here is how much of LuaTeX's memory you used:
 9 strings out of 494577
 100000,89155 words of node,token memory allocated 248 words of node memory still in use:
   1 dir, 2 glue, 33 glue_spec nodes
   avail lists: 2:12,3:1,4:1
 4187 multiletter control sequences out of 65536+600000
 14 fonts using 591559 bytes
 5i,0n,1p,84b,15s stack positions out of 5000i,500n,10000p,200000b,100000s
!  ==> Fatal error occurred, no output PDF file produced!
